[0.165s] Invoking command in '/home/zhangyuanwei/ws1_livox/src/FAST_LIO_LOCALIZATION_PLUS/build/fast_lio': /usr/bin/cmake /home/zhangyuanwei/ws1_livox/src/FAST_LIO_LOCALIZATION_PLUS -DCATKIN_INSTALL_INTO_PREFIX_ROOT=0 -DCMAKE_INSTALL_PREFIX=/home/zhangyuanwei/ws1_livox/src/FAST_LIO_LOCALIZATION_PLUS/install/fast_lio
[0.192s] Current CPU archtecture: x86_64
[0.195s] Processer number:  6
[0.195s] core for MP: 3
[0.206s] -- Found ament_cmake: 1.1.6 (/opt/ros/galactic/share/ament_cmake/cmake)
[0.248s] -- Using PYTHON_EXECUTABLE: /usr/bin/python3
[0.318s] -- Found rclcpp: 9.2.2 (/opt/ros/galactic/share/rclcpp/cmake)
[0.379s] -- Using all available rosidl_typesupport_c: rosidl_typesupport_fastrtps_c;rosidl_typesupport_introspection_c
[0.383s] -- Found rosidl_adapter: 2.2.3 (/opt/ros/galactic/share/rosidl_adapter/cmake)
[0.551s] -- Using all available rosidl_typesupport_cpp: rosidl_typesupport_fastrtps_cpp;rosidl_typesupport_introspection_cpp
[0.650s] -- Found rmw_implementation_cmake: 3.3.1 (/opt/ros/galactic/share/rmw_implementation_cmake/cmake)
[0.652s] -- Found rmw_cyclonedds_cpp: 0.22.6 (/opt/ros/galactic/share/rmw_cyclonedds_cpp/cmake)
[0.691s] -- Using RMW implementation 'rmw_cyclonedds_cpp' as default
[1.004s] -- Found rclcpp_components: 9.2.2 (/opt/ros/galactic/share/rclcpp_components/cmake)
[1.112s] -- Found geometry_msgs: 2.2.4 (/opt/ros/galactic/share/geometry_msgs/cmake)
[1.185s] -- Found nav_msgs: 2.2.4 (/opt/ros/galactic/share/nav_msgs/cmake)
[1.338s] -- Found sensor_msgs: 2.2.4 (/opt/ros/galactic/share/sensor_msgs/cmake)
[1.487s] -- Found std_srvs: 2.2.4 (/opt/ros/galactic/share/std_srvs/cmake)
[1.501s] -- Found visualization_msgs: 2.2.4 (/opt/ros/galactic/share/visualization_msgs/cmake)
[1.645s] -- Found pcl_ros: 2.4.1 (/usr/local/share/pcl_ros/cmake)
[2.596s] -- Found eigen3_cmake_module: 0.1.1 (/opt/ros/galactic/share/eigen3_cmake_module/cmake)
[3.252s] -- Eigen found (include: /usr/include/eigen3, version: 3.3.7)
[3.348s] -- The imported target "vtkParseOGLExt" references the file
[3.348s]    "/usr/bin/vtkParseOGLExt-7.1"
[3.348s] but this file does not exist.  Possible reasons include:
[3.348s] * The file was deleted, renamed, or moved to another location.
[3.348s] * An install or uninstall procedure did not complete successfully.
[3.348s] * The installation package was faulty and contained
[3.348s]    "/usr/lib/cmake/vtk-7.1/VTKTargets.cmake"
[3.349s] but not all the files it references.
[3.349s] 
[3.349s] -- The imported target "vtkRenderingPythonTkWidgets" references the file
[3.349s]    "/usr/lib/x86_64-linux-gnu/libvtkRenderingPythonTkWidgets.so"
[3.349s] but this file does not exist.  Possible reasons include:
[3.349s] * The file was deleted, renamed, or moved to another location.
[3.349s] * An install or uninstall procedure did not complete successfully.
[3.349s] * The installation package was faulty and contained
[3.349s]    "/usr/lib/cmake/vtk-7.1/VTKTargets.cmake"
[3.349s] but not all the files it references.
[3.349s] 
[3.350s] -- The imported target "vtk" references the file
[3.350s]    "/usr/bin/vtk"
[3.350s] but this file does not exist.  Possible reasons include:
[3.350s] * The file was deleted, renamed, or moved to another location.
[3.350s] * An install or uninstall procedure did not complete successfully.
[3.350s] * The installation package was faulty and contained
[3.350s]    "/usr/lib/cmake/vtk-7.1/VTKTargets.cmake"
[3.350s] but not all the files it references.
[3.350s] 
[3.350s] -- The imported target "pvtk" references the file
[3.350s]    "/usr/bin/pvtk"
[3.350s] but this file does not exist.  Possible reasons include:
[3.351s] * The file was deleted, renamed, or moved to another location.
[3.351s] * An install or uninstall procedure did not complete successfully.
[3.351s] * The installation package was faulty and contained
[3.351s]    "/usr/lib/cmake/vtk-7.1/VTKTargets.cmake"
[3.351s] but not all the files it references.
[3.351s] 
[3.374s] -- OpenNI found (include: /usr/include/ni, lib: /usr/lib/libOpenNI.so)
[3.383s] -- OpenNI2 found (include: /usr/include/openni2, lib: /usr/lib/libOpenNI2.so)
[3.404s] -- OpenNI found (include: /usr/include/ni, lib: /usr/lib/libOpenNI.so)
[3.411s] -- OpenNI2 found (include: /usr/include/openni2, lib: /usr/lib/libOpenNI2.so)
[3.427s] -- QHULL found (include: /usr/include, lib: optimized;/usr/lib/x86_64-linux-gnu/libqhull.so;debug;/usr/lib/x86_64-linux-gnu/libqhull.so)
[3.433s] -- OpenNI found (include: /usr/include/ni, lib: /usr/lib/libOpenNI.so)
[3.505s] CMake Error at CMakeLists.txt:60 (find_package):
[3.505s]   By not providing "Findlivox_ros_driver2.cmake" in CMAKE_MODULE_PATH this
[3.505s]   project has asked CMake to find a package configuration file provided by
[3.505s]   "livox_ros_driver2", but CMake did not find one.
[3.505s] 
[3.505s]   Could not find a package configuration file provided by "livox_ros_driver2"
[3.505s]   with any of the following names:
[3.505s] 
[3.505s]     livox_ros_driver2Config.cmake
[3.505s]     livox_ros_driver2-config.cmake
[3.506s] 
[3.506s]   Add the installation prefix of "livox_ros_driver2" to CMAKE_PREFIX_PATH or
[3.506s]   set "livox_ros_driver2_DIR" to a directory containing one of the above
[3.506s]   files.  If "livox_ros_driver2" provides a separate development package or
[3.506s]   SDK, be sure it has been installed.
[3.506s] 
[3.506s] 
[3.507s] -- Configuring incomplete, errors occurred!
[3.507s] See also "/home/zhangyuanwei/ws1_livox/src/FAST_LIO_LOCALIZATION_PLUS/build/fast_lio/CMakeFiles/CMakeOutput.log".
[3.522s] Invoked command in '/home/zhangyuanwei/ws1_livox/src/FAST_LIO_LOCALIZATION_PLUS/build/fast_lio' returned '1': /usr/bin/cmake /home/zhangyuanwei/ws1_livox/src/FAST_LIO_LOCALIZATION_PLUS -DCATKIN_INSTALL_INTO_PREFIX_ROOT=0 -DCMAKE_INSTALL_PREFIX=/home/zhangyuanwei/ws1_livox/src/FAST_LIO_LOCALIZATION_PLUS/install/fast_lio
