[0.222s] Invoking command in '/home/zhangyuanwei/ws1_livox/src/FAST_LIO_LOCALIZATION_PLUS/build/fast_lio': /usr/bin/cmake /home/zhangyuanwei/ws1_livox/src/FAST_LIO_LOCALIZATION_PLUS -DCMAKE_INSTALL_PREFIX=/home/zhangyuanwei/ws1_livox/src/FAST_LIO_LOCALIZATION_PLUS/install/fast_lio
[0.240s] Current CPU archtecture: x86_64
[0.244s] Processer number:  6
[0.244s] core for MP: 3
[0.252s] -- Found ament_cmake: 1.1.6 (/opt/ros/galactic/share/ament_cmake/cmake)
[0.275s] -- Found PythonInterp: /usr/bin/python3 (found suitable version "3.8.10", minimum required is "3") 
[0.275s] -- Using PYTHON_EXECUTABLE: /usr/bin/python3
[0.342s] -- Found rclcpp: 9.2.2 (/opt/ros/galactic/share/rclcpp/cmake)
[0.389s] -- Using all available rosidl_typesupport_c: rosidl_typesupport_fastrtps_c;rosidl_typesupport_introspection_c
[0.394s] -- Found rosidl_adapter: 2.2.3 (/opt/ros/galactic/share/rosidl_adapter/cmake)
[0.546s] -- Using all available rosidl_typesupport_cpp: rosidl_typesupport_fastrtps_cpp;rosidl_typesupport_introspection_cpp
[0.637s] -- Found rmw_implementation_cmake: 3.3.1 (/opt/ros/galactic/share/rmw_implementation_cmake/cmake)
[0.640s] -- Found rmw_cyclonedds_cpp: 0.22.6 (/opt/ros/galactic/share/rmw_cyclonedds_cpp/cmake)
[0.672s] -- Using RMW implementation 'rmw_cyclonedds_cpp' as default
[0.956s] -- Found rclcpp_components: 9.2.2 (/opt/ros/galactic/share/rclcpp_components/cmake)
[1.056s] -- Found geometry_msgs: 2.2.4 (/opt/ros/galactic/share/geometry_msgs/cmake)
[1.116s] -- Found nav_msgs: 2.2.4 (/opt/ros/galactic/share/nav_msgs/cmake)
[1.245s] -- Found sensor_msgs: 2.2.4 (/opt/ros/galactic/share/sensor_msgs/cmake)
[1.373s] -- Found std_srvs: 2.2.4 (/opt/ros/galactic/share/std_srvs/cmake)
[1.386s] -- Found visualization_msgs: 2.2.4 (/opt/ros/galactic/share/visualization_msgs/cmake)
[1.514s] -- Found pcl_ros: 2.4.1 (/usr/local/share/pcl_ros/cmake)
[2.396s] -- Found eigen3_cmake_module: 0.1.1 (/opt/ros/galactic/share/eigen3_cmake_module/cmake)
[3.018s] -- Eigen found (include: /usr/include/eigen3, version: 3.3.7)
[3.109s] -- The imported target "vtkParseOGLExt" references the file
[3.109s]    "/usr/bin/vtkParseOGLExt-7.1"
[3.109s] but this file does not exist.  Possible reasons include:
[3.109s] * The file was deleted, renamed, or moved to another location.
[3.109s] * An install or uninstall procedure did not complete successfully.
[3.110s] * The installation package was faulty and contained
[3.110s]    "/usr/lib/cmake/vtk-7.1/VTKTargets.cmake"
[3.110s] but not all the files it references.
[3.110s] 
[3.110s] -- The imported target "vtkRenderingPythonTkWidgets" references the file
[3.110s]    "/usr/lib/x86_64-linux-gnu/libvtkRenderingPythonTkWidgets.so"
[3.110s] but this file does not exist.  Possible reasons include:
[3.110s] * The file was deleted, renamed, or moved to another location.
[3.110s] * An install or uninstall procedure did not complete successfully.
[3.111s] * The installation package was faulty and contained
[3.111s]    "/usr/lib/cmake/vtk-7.1/VTKTargets.cmake"
[3.111s] but not all the files it references.
[3.111s] 
[3.111s] -- The imported target "vtk" references the file
[3.111s]    "/usr/bin/vtk"
[3.111s] but this file does not exist.  Possible reasons include:
[3.111s] * The file was deleted, renamed, or moved to another location.
[3.112s] * An install or uninstall procedure did not complete successfully.
[3.112s] * The installation package was faulty and contained
[3.112s]    "/usr/lib/cmake/vtk-7.1/VTKTargets.cmake"
[3.112s] but not all the files it references.
[3.112s] 
[3.112s] -- The imported target "pvtk" references the file
[3.112s]    "/usr/bin/pvtk"
[3.112s] but this file does not exist.  Possible reasons include:
[3.112s] * The file was deleted, renamed, or moved to another location.
[3.112s] * An install or uninstall procedure did not complete successfully.
[3.112s] * The installation package was faulty and contained
[3.112s]    "/usr/lib/cmake/vtk-7.1/VTKTargets.cmake"
[3.112s] but not all the files it references.
[3.112s] 
[3.135s] -- OpenNI found (include: /usr/include/ni, lib: /usr/lib/libOpenNI.so)
[3.143s] -- OpenNI2 found (include: /usr/include/openni2, lib: /usr/lib/libOpenNI2.so)
[3.163s] -- OpenNI found (include: /usr/include/ni, lib: /usr/lib/libOpenNI.so)
[3.172s] -- OpenNI2 found (include: /usr/include/openni2, lib: /usr/lib/libOpenNI2.so)
[3.186s] -- QHULL found (include: /usr/include, lib: optimized;/usr/lib/x86_64-linux-gnu/libqhull.so;debug;/usr/lib/x86_64-linux-gnu/libqhull.so)
[3.194s] -- OpenNI found (include: /usr/include/ni, lib: /usr/lib/libOpenNI.so)
[3.250s] -- Found livox_ros_driver2: 1.0.0 (/home/zhangyuanwei/ws1_livox/install/livox_ros_driver2/share/livox_ros_driver2/cmake)
[3.463s] -- Found rosidl_default_generators: 1.1.1 (/opt/ros/galactic/share/rosidl_default_generators/cmake)
[3.480s] CMake Warning (dev) at CMakeLists.txt:80 (find_package):
[3.481s]   Policy CMP0074 is not set: find_package uses <PackageName>_ROOT variables.
[3.481s]   Run "cmake --help-policy CMP0074" for policy details.  Use the cmake_policy
[3.481s]   command to set the policy and suppress this warning.
[3.481s] 
[3.481s]   CMake variable PCL_ROOT is set to:
[3.481s] 
[3.481s]     /usr
[3.481s] 
[3.481s]   For compatibility, CMake is ignoring the variable.
[3.481s] This warning is for project developers.  Use -Wno-dev to suppress it.
[3.481s] 
[3.488s] -- PCL: /usr/include/pcl-1.10
[3.488s] Eigen:/usr/include/eigen3
[3.515s] -- Found PythonInterp: /usr/bin/python3 (found version "3.8.10") 
[3.629s] Error parsing '/home/zhangyuanwei/ws1_livox/src/FAST_LIO_LOCALIZATION_PLUS/package.xml':
[4.722s] Traceback (most recent call last):
[4.722s]   File "/opt/ros/galactic/share/ament_cmake_core/cmake/core/package_xml_2_cmake.py", line 151, in <module>
[4.722s]     main()
[4.722s]   File "/opt/ros/galactic/share/ament_cmake_core/cmake/core/package_xml_2_cmake.py", line 54, in main
[4.722s]     raise e
[4.722s]   File "/opt/ros/galactic/share/ament_cmake_core/cmake/core/package_xml_2_cmake.py", line 50, in main
[4.722s]     package = parse_package_string(
[4.722s]   File "/usr/lib/python3/dist-packages/catkin_pkg/package.py", line 786, in parse_package_string
[4.722s]     raise InvalidPackage('Error(s):%s' % (''.join(['\n- %s' % e for e in errors])), filename)
[4.722s] catkin_pkg.package.InvalidPackage: Error(s) in package '/home/zhangyuanwei/ws1_livox/src/FAST_LIO_LOCALIZATION_PLUS/package.xml':
[4.722s] Error(s):
[4.722s] - The manifest of package "fast_lio" (with format version 1) must not contain the following tags: member_of_group, exec_depend
[4.722s] - Either update to a newer format or replace <exec_depend> tags with <run_depend> tags.
[4.743s] CMake Error at /opt/ros/galactic/share/ament_cmake_core/cmake/core/ament_package_xml.cmake:94 (message):
[4.743s]   execute_process(/usr/bin/python3
[4.743s]   /opt/ros/galactic/share/ament_cmake_core/cmake/core/package_xml_2_cmake.py
[4.743s]   /home/zhangyuanwei/ws1_livox/src/FAST_LIO_LOCALIZATION_PLUS/package.xml
[4.743s]   /home/zhangyuanwei/ws1_livox/src/FAST_LIO_LOCALIZATION_PLUS/build/fast_lio/ament_cmake_core/package.cmake)
[4.743s]   returned error code 1
[4.743s] Call Stack (most recent call first):
[4.743s]   /opt/ros/galactic/share/ament_cmake_core/cmake/core/ament_package_xml.cmake:49 (_ament_package_xml)
[4.743s]   /opt/ros/galactic/share/rosidl_cmake/cmake/rosidl_generate_interfaces.cmake:226 (ament_package_xml)
[4.743s]   CMakeLists.txt:89 (rosidl_generate_interfaces)
[4.743s] 
[4.743s] 
[4.746s] -- Configuring incomplete, errors occurred!
[4.746s] See also "/home/zhangyuanwei/ws1_livox/src/FAST_LIO_LOCALIZATION_PLUS/build/fast_lio/CMakeFiles/CMakeOutput.log".
[4.760s] Invoked command in '/home/zhangyuanwei/ws1_livox/src/FAST_LIO_LOCALIZATION_PLUS/build/fast_lio' returned '1': /usr/bin/cmake /home/zhangyuanwei/ws1_livox/src/FAST_LIO_LOCALIZATION_PLUS -DCMAKE_INSTALL_PREFIX=/home/zhangyuanwei/ws1_livox/src/FAST_LIO_LOCALIZATION_PLUS/install/fast_lio
