[0.223s] Invoking command in '/home/zhangyuanwei/ws1_livox/src/FAST_LIO_LOCALIZATION_PLUS/build/fast_lio': /usr/bin/cmake /home/zhangyuanwei/ws1_livox/src/FAST_LIO_LOCALIZATION_PLUS -DCMAKE_INSTALL_PREFIX=/home/zhangyuanwei/ws1_livox/src/FAST_LIO_LOCALIZATION_PLUS/install/fast_lio
[0.246s] Current CPU archtecture: x86_64
[0.251s] Processer number:  6
[0.251s] core for MP: 3
[0.258s] -- Found ament_cmake: 1.1.6 (/opt/ros/galactic/share/ament_cmake/cmake)
[0.283s] -- Found PythonInterp: /usr/bin/python3 (found suitable version "3.8.10", minimum required is "3") 
[0.283s] -- Using PYTHON_EXECUTABLE: /usr/bin/python3
[0.354s] -- Found rclcpp: 9.2.2 (/opt/ros/galactic/share/rclcpp/cmake)
[0.405s] -- Using all available rosidl_typesupport_c: rosidl_typesupport_fastrtps_c;rosidl_typesupport_introspection_c
[0.410s] -- Found rosidl_adapter: 2.2.3 (/opt/ros/galactic/share/rosidl_adapter/cmake)
[0.563s] -- Using all available rosidl_typesupport_cpp: rosidl_typesupport_fastrtps_cpp;rosidl_typesupport_introspection_cpp
[0.650s] -- Found rmw_implementation_cmake: 3.3.1 (/opt/ros/galactic/share/rmw_implementation_cmake/cmake)
[0.652s] -- Found rmw_cyclonedds_cpp: 0.22.6 (/opt/ros/galactic/share/rmw_cyclonedds_cpp/cmake)
[0.686s] -- Using RMW implementation 'rmw_cyclonedds_cpp' as default
[0.960s] -- Found rclcpp_components: 9.2.2 (/opt/ros/galactic/share/rclcpp_components/cmake)
[1.056s] -- Found geometry_msgs: 2.2.4 (/opt/ros/galactic/share/geometry_msgs/cmake)
[1.120s] -- Found nav_msgs: 2.2.4 (/opt/ros/galactic/share/nav_msgs/cmake)
[1.263s] -- Found sensor_msgs: 2.2.4 (/opt/ros/galactic/share/sensor_msgs/cmake)
[1.392s] -- Found std_srvs: 2.2.4 (/opt/ros/galactic/share/std_srvs/cmake)
[1.406s] -- Found visualization_msgs: 2.2.4 (/opt/ros/galactic/share/visualization_msgs/cmake)
[1.537s] -- Found pcl_ros: 2.4.1 (/usr/local/share/pcl_ros/cmake)
[2.426s] -- Found eigen3_cmake_module: 0.1.1 (/opt/ros/galactic/share/eigen3_cmake_module/cmake)
[3.064s] -- Eigen found (include: /usr/include/eigen3, version: 3.3.7)
[3.152s] -- The imported target "vtkParseOGLExt" references the file
[3.152s]    "/usr/bin/vtkParseOGLExt-7.1"
[3.152s] but this file does not exist.  Possible reasons include:
[3.152s] * The file was deleted, renamed, or moved to another location.
[3.152s] * An install or uninstall procedure did not complete successfully.
[3.152s] * The installation package was faulty and contained
[3.152s]    "/usr/lib/cmake/vtk-7.1/VTKTargets.cmake"
[3.152s] but not all the files it references.
[3.152s] 
[3.153s] -- The imported target "vtkRenderingPythonTkWidgets" references the file
[3.153s]    "/usr/lib/x86_64-linux-gnu/libvtkRenderingPythonTkWidgets.so"
[3.154s] but this file does not exist.  Possible reasons include:
[3.154s] * The file was deleted, renamed, or moved to another location.
[3.154s] * An install or uninstall procedure did not complete successfully.
[3.154s] * The installation package was faulty and contained
[3.154s]    "/usr/lib/cmake/vtk-7.1/VTKTargets.cmake"
[3.154s] but not all the files it references.
[3.154s] 
[3.154s] -- The imported target "vtk" references the file
[3.154s]    "/usr/bin/vtk"
[3.154s] but this file does not exist.  Possible reasons include:
[3.155s] * The file was deleted, renamed, or moved to another location.
[3.155s] * An install or uninstall procedure did not complete successfully.
[3.155s] * The installation package was faulty and contained
[3.155s]    "/usr/lib/cmake/vtk-7.1/VTKTargets.cmake"
[3.155s] but not all the files it references.
[3.155s] 
[3.155s] -- The imported target "pvtk" references the file
[3.155s]    "/usr/bin/pvtk"
[3.155s] but this file does not exist.  Possible reasons include:
[3.155s] * The file was deleted, renamed, or moved to another location.
[3.155s] * An install or uninstall procedure did not complete successfully.
[3.155s] * The installation package was faulty and contained
[3.156s]    "/usr/lib/cmake/vtk-7.1/VTKTargets.cmake"
[3.156s] but not all the files it references.
[3.156s] 
[3.178s] -- OpenNI found (include: /usr/include/ni, lib: /usr/lib/libOpenNI.so)
[3.185s] -- OpenNI2 found (include: /usr/include/openni2, lib: /usr/lib/libOpenNI2.so)
[3.204s] -- OpenNI found (include: /usr/include/ni, lib: /usr/lib/libOpenNI.so)
[3.211s] -- OpenNI2 found (include: /usr/include/openni2, lib: /usr/lib/libOpenNI2.so)
[3.224s] -- QHULL found (include: /usr/include, lib: optimized;/usr/lib/x86_64-linux-gnu/libqhull.so;debug;/usr/lib/x86_64-linux-gnu/libqhull.so)
[3.232s] -- OpenNI found (include: /usr/include/ni, lib: /usr/lib/libOpenNI.so)
[3.286s] -- Found livox_ros_driver2: 1.0.0 (/home/zhangyuanwei/ws1_livox/install/livox_ros_driver2/share/livox_ros_driver2/cmake)
[3.507s] -- Found rosidl_default_generators: 1.1.1 (/opt/ros/galactic/share/rosidl_default_generators/cmake)
[3.525s] CMake Warning (dev) at CMakeLists.txt:80 (find_package):
[3.525s]   Policy CMP0074 is not set: find_package uses <PackageName>_ROOT variables.
[3.525s]   Run "cmake --help-policy CMP0074" for policy details.  Use the cmake_policy
[3.525s]   command to set the policy and suppress this warning.
[3.525s] 
[3.525s]   CMake variable PCL_ROOT is set to:
[3.525s] 
[3.525s]     /usr
[3.525s] 
[3.525s]   For compatibility, CMake is ignoring the variable.
[3.526s] This warning is for project developers.  Use -Wno-dev to suppress it.
[3.526s] 
[3.533s] Eigen:/usr/include/eigen3
[3.533s] -- PCL: /usr/include/pcl-1.10
[3.560s] -- Found PythonInterp: /usr/bin/python3 (found version "3.8.10") 
[3.678s] Error parsing '/home/zhangyuanwei/ws1_livox/src/FAST_LIO_LOCALIZATION_PLUS/package.xml':
[3.812s] Traceback (most recent call last):
[3.812s]   File "/opt/ros/galactic/share/ament_cmake_core/cmake/core/package_xml_2_cmake.py", line 151, in <module>
[3.812s]     main()
[3.812s]   File "/opt/ros/galactic/share/ament_cmake_core/cmake/core/package_xml_2_cmake.py", line 54, in main
[3.812s]     raise e
[3.812s]   File "/opt/ros/galactic/share/ament_cmake_core/cmake/core/package_xml_2_cmake.py", line 50, in main
[3.812s]     package = parse_package_string(
[3.812s]   File "/usr/lib/python3/dist-packages/catkin_pkg/package.py", line 786, in parse_package_string
[3.813s]     raise InvalidPackage('Error(s):%s' % (''.join(['\n- %s' % e for e in errors])), filename)
[3.813s] catkin_pkg.package.InvalidPackage: Error(s) in package '/home/zhangyuanwei/ws1_livox/src/FAST_LIO_LOCALIZATION_PLUS/package.xml':
[3.813s] Error(s):
[3.813s] - The manifest of package "fast_lio" (with format version 3) must not contain the following tags: run_depend
[3.813s] - Please replace <run_depend> tags with <exec_depend> tags.
[3.830s] CMake Error at /opt/ros/galactic/share/ament_cmake_core/cmake/core/ament_package_xml.cmake:94 (message):
[3.830s]   execute_process(/usr/bin/python3
[3.830s]   /opt/ros/galactic/share/ament_cmake_core/cmake/core/package_xml_2_cmake.py
[3.831s]   /home/zhangyuanwei/ws1_livox/src/FAST_LIO_LOCALIZATION_PLUS/package.xml
[3.831s]   /home/zhangyuanwei/ws1_livox/src/FAST_LIO_LOCALIZATION_PLUS/build/fast_lio/ament_cmake_core/package.cmake)
[3.831s]   returned error code 1
[3.831s] Call Stack (most recent call first):
[3.831s]   /opt/ros/galactic/share/ament_cmake_core/cmake/core/ament_package_xml.cmake:49 (_ament_package_xml)
[3.831s]   /opt/ros/galactic/share/rosidl_cmake/cmake/rosidl_generate_interfaces.cmake:226 (ament_package_xml)
[3.831s]   CMakeLists.txt:89 (rosidl_generate_interfaces)
[3.831s] 
[3.831s] 
[3.834s] -- Configuring incomplete, errors occurred!
[3.834s] See also "/home/zhangyuanwei/ws1_livox/src/FAST_LIO_LOCALIZATION_PLUS/build/fast_lio/CMakeFiles/CMakeOutput.log".
[3.848s] Invoked command in '/home/zhangyuanwei/ws1_livox/src/FAST_LIO_LOCALIZATION_PLUS/build/fast_lio' returned '1': /usr/bin/cmake /home/zhangyuanwei/ws1_livox/src/FAST_LIO_LOCALIZATION_PLUS -DCMAKE_INSTALL_PREFIX=/home/zhangyuanwei/ws1_livox/src/FAST_LIO_LOCALIZATION_PLUS/install/fast_lio
