[0.162s] Invoking command in '/home/zhangyuanwei/ws1_livox/src/FAST_LIO_LOCALIZATION_PLUS/build/fast_lio': /usr/bin/cmake /home/zhangyuanwei/ws1_livox/src/FAST_LIO_LOCALIZATION_PLUS -DCATKIN_INSTALL_INTO_PREFIX_ROOT=0 -DCMAKE_INSTALL_PREFIX=/home/zhangyuanwei/ws1_livox/src/FAST_LIO_LOCALIZATION_PLUS/install/fast_lio
[0.185s] Current CPU archtecture: x86_64
[0.188s] Processer number:  6
[0.188s] core for MP: 3
[0.196s] -- Found ament_cmake: 1.1.6 (/opt/ros/galactic/share/ament_cmake/cmake)
[0.223s] -- Using PYTHON_EXECUTABLE: /usr/bin/python3
[0.290s] -- Found rclcpp: 9.2.2 (/opt/ros/galactic/share/rclcpp/cmake)
[0.336s] -- Using all available rosidl_typesupport_c: rosidl_typesupport_fastrtps_c;rosidl_typesupport_introspection_c
[0.340s] -- Found rosidl_adapter: 2.2.3 (/opt/ros/galactic/share/rosidl_adapter/cmake)
[0.486s] -- Using all available rosidl_typesupport_cpp: rosidl_typesupport_fastrtps_cpp;rosidl_typesupport_introspection_cpp
[0.573s] -- Found rmw_implementation_cmake: 3.3.1 (/opt/ros/galactic/share/rmw_implementation_cmake/cmake)
[0.575s] -- Found rmw_cyclonedds_cpp: 0.22.6 (/opt/ros/galactic/share/rmw_cyclonedds_cpp/cmake)
[0.610s] -- Using RMW implementation 'rmw_cyclonedds_cpp' as default
[0.889s] -- Found rclcpp_components: 9.2.2 (/opt/ros/galactic/share/rclcpp_components/cmake)
[0.982s] -- Found geometry_msgs: 2.2.4 (/opt/ros/galactic/share/geometry_msgs/cmake)
[1.044s] -- Found nav_msgs: 2.2.4 (/opt/ros/galactic/share/nav_msgs/cmake)
[1.185s] -- Found sensor_msgs: 2.2.4 (/opt/ros/galactic/share/sensor_msgs/cmake)
[1.325s] -- Found std_srvs: 2.2.4 (/opt/ros/galactic/share/std_srvs/cmake)
[1.338s] -- Found visualization_msgs: 2.2.4 (/opt/ros/galactic/share/visualization_msgs/cmake)
[1.466s] -- Found pcl_ros: 2.4.1 (/usr/local/share/pcl_ros/cmake)
[2.355s] -- Found eigen3_cmake_module: 0.1.1 (/opt/ros/galactic/share/eigen3_cmake_module/cmake)
[2.956s] -- Eigen found (include: /usr/include/eigen3, version: 3.3.7)
[3.050s] -- The imported target "vtkParseOGLExt" references the file
[3.050s]    "/usr/bin/vtkParseOGLExt-7.1"
[3.050s] but this file does not exist.  Possible reasons include:
[3.050s] * The file was deleted, renamed, or moved to another location.
[3.050s] * An install or uninstall procedure did not complete successfully.
[3.050s] * The installation package was faulty and contained
[3.050s]    "/usr/lib/cmake/vtk-7.1/VTKTargets.cmake"
[3.050s] but not all the files it references.
[3.050s] 
[3.051s] -- The imported target "vtkRenderingPythonTkWidgets" references the file
[3.051s]    "/usr/lib/x86_64-linux-gnu/libvtkRenderingPythonTkWidgets.so"
[3.051s] but this file does not exist.  Possible reasons include:
[3.051s] * The file was deleted, renamed, or moved to another location.
[3.051s] * An install or uninstall procedure did not complete successfully.
[3.051s] * The installation package was faulty and contained
[3.051s]    "/usr/lib/cmake/vtk-7.1/VTKTargets.cmake"
[3.051s] but not all the files it references.
[3.051s] 
[3.052s] -- The imported target "vtk" references the file
[3.052s]    "/usr/bin/vtk"
[3.052s] but this file does not exist.  Possible reasons include:
[3.052s] * The file was deleted, renamed, or moved to another location.
[3.052s] * An install or uninstall procedure did not complete successfully.
[3.052s] * The installation package was faulty and contained
[3.052s]    "/usr/lib/cmake/vtk-7.1/VTKTargets.cmake"
[3.052s] but not all the files it references.
[3.052s] 
[3.052s] -- The imported target "pvtk" references the file
[3.053s]    "/usr/bin/pvtk"
[3.053s] but this file does not exist.  Possible reasons include:
[3.053s] * The file was deleted, renamed, or moved to another location.
[3.053s] * An install or uninstall procedure did not complete successfully.
[3.053s] * The installation package was faulty and contained
[3.053s]    "/usr/lib/cmake/vtk-7.1/VTKTargets.cmake"
[3.053s] but not all the files it references.
[3.053s] 
[3.074s] -- OpenNI found (include: /usr/include/ni, lib: /usr/lib/libOpenNI.so)
[3.082s] -- OpenNI2 found (include: /usr/include/openni2, lib: /usr/lib/libOpenNI2.so)
[3.101s] -- OpenNI found (include: /usr/include/ni, lib: /usr/lib/libOpenNI.so)
[3.108s] -- OpenNI2 found (include: /usr/include/openni2, lib: /usr/lib/libOpenNI2.so)
[3.122s] -- QHULL found (include: /usr/include, lib: optimized;/usr/lib/x86_64-linux-gnu/libqhull.so;debug;/usr/lib/x86_64-linux-gnu/libqhull.so)
[3.129s] -- OpenNI found (include: /usr/include/ni, lib: /usr/lib/libOpenNI.so)
[3.190s] CMake Error at CMakeLists.txt:60 (find_package):
[3.190s]   By not providing "Findlivox_ros_driver2.cmake" in CMAKE_MODULE_PATH this
[3.191s]   project has asked CMake to find a package configuration file provided by
[3.191s]   "livox_ros_driver2", but CMake did not find one.
[3.191s] 
[3.191s]   Could not find a package configuration file provided by "livox_ros_driver2"
[3.191s]   with any of the following names:
[3.191s] 
[3.191s]     livox_ros_driver2Config.cmake
[3.191s]     livox_ros_driver2-config.cmake
[3.191s] 
[3.191s]   Add the installation prefix of "livox_ros_driver2" to CMAKE_PREFIX_PATH or
[3.191s]   set "livox_ros_driver2_DIR" to a directory containing one of the above
[3.191s]   files.  If "livox_ros_driver2" provides a separate development package or
[3.191s]   SDK, be sure it has been installed.
[3.191s] 
[3.191s] 
[3.193s] -- Configuring incomplete, errors occurred!
[3.193s] See also "/home/zhangyuanwei/ws1_livox/src/FAST_LIO_LOCALIZATION_PLUS/build/fast_lio/CMakeFiles/CMakeOutput.log".
[3.205s] Invoked command in '/home/zhangyuanwei/ws1_livox/src/FAST_LIO_LOCALIZATION_PLUS/build/fast_lio' returned '1': /usr/bin/cmake /home/zhangyuanwei/ws1_livox/src/FAST_LIO_LOCALIZATION_PLUS -DCATKIN_INSTALL_INTO_PREFIX_ROOT=0 -DCMAKE_INSTALL_PREFIX=/home/zhangyuanwei/ws1_livox/src/FAST_LIO_LOCALIZATION_PLUS/install/fast_lio
