[0.220s] Invoking command in '/home/zhangyuanwei/ws1_livox/src/FAST_LIO_LOCALIZATION_PLUS/build/fast_lio': /usr/bin/cmake /home/zhangyuanwei/ws1_livox/src/FAST_LIO_LOCALIZATION_PLUS -DCATKIN_INSTALL_INTO_PREFIX_ROOT=0 -DCMAKE_INSTALL_PREFIX=/home/zhangyuanwei/ws1_livox/src/FAST_LIO_LOCALIZATION_PLUS/install/fast_lio
[0.244s] Current CPU archtecture: x86_64
[0.248s] Processer number:  6
[0.248s] core for MP: 3
[0.257s] -- Found ament_cmake: 1.1.6 (/opt/ros/galactic/share/ament_cmake/cmake)
[0.281s] -- Found PythonInterp: /usr/bin/python3 (found suitable version "3.8.10", minimum required is "3") 
[0.281s] -- Using PYTHON_EXECUTABLE: /usr/bin/python3
[0.346s] -- Found rclcpp: 9.2.2 (/opt/ros/galactic/share/rclcpp/cmake)
[0.392s] -- Using all available rosidl_typesupport_c: rosidl_typesupport_fastrtps_c;rosidl_typesupport_introspection_c
[0.397s] -- Found rosidl_adapter: 2.2.3 (/opt/ros/galactic/share/rosidl_adapter/cmake)
[0.545s] -- Using all available rosidl_typesupport_cpp: rosidl_typesupport_fastrtps_cpp;rosidl_typesupport_introspection_cpp
[0.629s] -- Found rmw_implementation_cmake: 3.3.1 (/opt/ros/galactic/share/rmw_implementation_cmake/cmake)
[0.632s] -- Found rmw_cyclonedds_cpp: 0.22.6 (/opt/ros/galactic/share/rmw_cyclonedds_cpp/cmake)
[0.664s] -- Using RMW implementation 'rmw_cyclonedds_cpp' as default
[0.936s] -- Found rclcpp_components: 9.2.2 (/opt/ros/galactic/share/rclcpp_components/cmake)
[1.032s] -- Found geometry_msgs: 2.2.4 (/opt/ros/galactic/share/geometry_msgs/cmake)
[1.094s] -- Found nav_msgs: 2.2.4 (/opt/ros/galactic/share/nav_msgs/cmake)
[1.223s] -- Found sensor_msgs: 2.2.4 (/opt/ros/galactic/share/sensor_msgs/cmake)
[1.359s] -- Found std_srvs: 2.2.4 (/opt/ros/galactic/share/std_srvs/cmake)
[1.373s] -- Found visualization_msgs: 2.2.4 (/opt/ros/galactic/share/visualization_msgs/cmake)
[1.499s] -- Found pcl_ros: 2.4.1 (/usr/local/share/pcl_ros/cmake)
[2.379s] -- Found eigen3_cmake_module: 0.1.1 (/opt/ros/galactic/share/eigen3_cmake_module/cmake)
[2.992s] -- Eigen found (include: /usr/include/eigen3, version: 3.3.7)
[3.079s] -- The imported target "vtkParseOGLExt" references the file
[3.079s]    "/usr/bin/vtkParseOGLExt-7.1"
[3.079s] but this file does not exist.  Possible reasons include:
[3.079s] * The file was deleted, renamed, or moved to another location.
[3.079s] * An install or uninstall procedure did not complete successfully.
[3.080s] * The installation package was faulty and contained
[3.080s]    "/usr/lib/cmake/vtk-7.1/VTKTargets.cmake"
[3.080s] but not all the files it references.
[3.080s] 
[3.080s] -- The imported target "vtkRenderingPythonTkWidgets" references the file
[3.080s]    "/usr/lib/x86_64-linux-gnu/libvtkRenderingPythonTkWidgets.so"
[3.080s] but this file does not exist.  Possible reasons include:
[3.080s] * The file was deleted, renamed, or moved to another location.
[3.080s] * An install or uninstall procedure did not complete successfully.
[3.080s] * The installation package was faulty and contained
[3.080s]    "/usr/lib/cmake/vtk-7.1/VTKTargets.cmake"
[3.080s] but not all the files it references.
[3.080s] 
[3.081s] -- The imported target "vtk" references the file
[3.081s]    "/usr/bin/vtk"
[3.081s] but this file does not exist.  Possible reasons include:
[3.081s] * The file was deleted, renamed, or moved to another location.
[3.081s] * An install or uninstall procedure did not complete successfully.
[3.081s] * The installation package was faulty and contained
[3.081s]    "/usr/lib/cmake/vtk-7.1/VTKTargets.cmake"
[3.081s] but not all the files it references.
[3.082s] 
[3.082s] -- The imported target "pvtk" references the file
[3.082s]    "/usr/bin/pvtk"
[3.082s] but this file does not exist.  Possible reasons include:
[3.082s] * The file was deleted, renamed, or moved to another location.
[3.082s] * An install or uninstall procedure did not complete successfully.
[3.082s] * The installation package was faulty and contained
[3.082s]    "/usr/lib/cmake/vtk-7.1/VTKTargets.cmake"
[3.082s] but not all the files it references.
[3.082s] 
[3.104s] -- OpenNI found (include: /usr/include/ni, lib: /usr/lib/libOpenNI.so)
[3.111s] -- OpenNI2 found (include: /usr/include/openni2, lib: /usr/lib/libOpenNI2.so)
[3.131s] -- OpenNI found (include: /usr/include/ni, lib: /usr/lib/libOpenNI.so)
[3.138s] -- OpenNI2 found (include: /usr/include/openni2, lib: /usr/lib/libOpenNI2.so)
[3.151s] -- QHULL found (include: /usr/include, lib: optimized;/usr/lib/x86_64-linux-gnu/libqhull.so;debug;/usr/lib/x86_64-linux-gnu/libqhull.so)
[3.158s] -- OpenNI found (include: /usr/include/ni, lib: /usr/lib/libOpenNI.so)
[3.211s] -- Found livox_ros_driver2: 1.0.0 (/home/zhangyuanwei/ws1_livox/install/livox_ros_driver2/share/livox_ros_driver2/cmake)
[3.425s] -- Found rosidl_default_generators: 1.1.1 (/opt/ros/galactic/share/rosidl_default_generators/cmake)
[3.441s] CMake Warning (dev) at CMakeLists.txt:80 (find_package):
[3.442s]   Policy CMP0074 is not set: find_package uses <PackageName>_ROOT variables.
[3.442s]   Run "cmake --help-policy CMP0074" for policy details.  Use the cmake_policy
[3.442s]   command to set the policy and suppress this warning.
[3.442s] 
[3.442s]   CMake variable PCL_ROOT is set to:
[3.442s] 
[3.442s]     /usr
[3.442s] 
[3.442s]   For compatibility, CMake is ignoring the variable.
[3.442s] This warning is for project developers.  Use -Wno-dev to suppress it.
[3.442s] 
[3.448s] -- PCL: /usr/include/pcl-1.10
[3.448s] Eigen:/usr/include/eigen3
[3.474s] -- Found PythonInterp: /usr/bin/python3 (found version "3.8.10") 
[3.590s] CMake Error at /opt/ros/galactic/share/rosidl_cmake/cmake/rosidl_generate_interfaces.cmake:229 (message):
[3.590s]   Packages installing interfaces must include
[3.590s]   '<member_of_group>rosidl_interface_packages</member_of_group>' in their
[3.590s]   package.xml
[3.590s] Call Stack (most recent call first):
[3.590s]   CMakeLists.txt:89 (rosidl_generate_interfaces)
[3.590s] 
[3.590s] 
[3.593s] -- Configuring incomplete, errors occurred!
[3.593s] See also "/home/zhangyuanwei/ws1_livox/src/FAST_LIO_LOCALIZATION_PLUS/build/fast_lio/CMakeFiles/CMakeOutput.log".
[3.609s] Invoked command in '/home/zhangyuanwei/ws1_livox/src/FAST_LIO_LOCALIZATION_PLUS/build/fast_lio' returned '1': /usr/bin/cmake /home/zhangyuanwei/ws1_livox/src/FAST_LIO_LOCALIZATION_PLUS -DCATKIN_INSTALL_INTO_PREFIX_ROOT=0 -DCMAKE_INSTALL_PREFIX=/home/zhangyuanwei/ws1_livox/src/FAST_LIO_LOCALIZATION_PLUS/install/fast_lio
