Current CPU archtecture: x86_64
Processer number:  6
core for MP: 3
CMake Warning (dev) at CMakeLists.txt:80 (find_package):
  Policy CMP0074 is not set: find_package uses <PackageName>_ROOT variables.
  Run "cmake --help-policy CMP0074" for policy details.  Use the cmake_policy
  command to set the policy and suppress this warning.

  CMake variable PCL_ROOT is set to:

    /usr

  For compatibility, CMake is ignoring the variable.
This warning is for project developers.  Use -Wno-dev to suppress it.

Eigen:/usr/include/eigen3
Error parsing '/home/zhangyuanwei/ws1_livox/src/FAST_LIO_LOCALIZATION_PLUS/package.xml':
Traceback (most recent call last):
  File "/opt/ros/galactic/share/ament_cmake_core/cmake/core/package_xml_2_cmake.py", line 151, in <module>
    main()
  File "/opt/ros/galactic/share/ament_cmake_core/cmake/core/package_xml_2_cmake.py", line 54, in main
    raise e
  File "/opt/ros/galactic/share/ament_cmake_core/cmake/core/package_xml_2_cmake.py", line 50, in main
    package = parse_package_string(
  File "/usr/lib/python3/dist-packages/catkin_pkg/package.py", line 786, in parse_package_string
    raise InvalidPackage('Error(s):%s' % (''.join(['\n- %s' % e for e in errors])), filename)
catkin_pkg.package.InvalidPackage: Error(s) in package '/home/zhangyuanwei/ws1_livox/src/FAST_LIO_LOCALIZATION_PLUS/package.xml':
Error(s):
- The manifest of package "fast_lio" (with format version 1) must not contain the following tags: member_of_group
CMake Error at /opt/ros/galactic/share/ament_cmake_core/cmake/core/ament_package_xml.cmake:94 (message):
  execute_process(/usr/bin/python3
  /opt/ros/galactic/share/ament_cmake_core/cmake/core/package_xml_2_cmake.py
  /home/zhangyuanwei/ws1_livox/src/FAST_LIO_LOCALIZATION_PLUS/package.xml
  /home/zhangyuanwei/ws1_livox/src/FAST_LIO_LOCALIZATION_PLUS/build/fast_lio/ament_cmake_core/package.cmake)
  returned error code 1
Call Stack (most recent call first):
  /opt/ros/galactic/share/ament_cmake_core/cmake/core/ament_package_xml.cmake:49 (_ament_package_xml)
  /opt/ros/galactic/share/rosidl_cmake/cmake/rosidl_generate_interfaces.cmake:226 (ament_package_xml)
  CMakeLists.txt:89 (rosidl_generate_interfaces)


