[0.212s] Invoking command in '/home/zhangyuanwei/ws1_livox/src/FAST_LIO_LOCALIZATION_PLUS/build/fast_lio': /usr/bin/cmake /home/zhangyuanwei/ws1_livox/src/FAST_LIO_LOCALIZATION_PLUS -DCMAKE_INSTALL_PREFIX=/home/zhangyuanwei/ws1_livox/src/FAST_LIO_LOCALIZATION_PLUS/install/fast_lio
[0.234s] Current CPU archtecture: x86_64
[0.238s] Processer number:  6
[0.238s] core for MP: 3
[0.246s] -- Found ament_cmake: 1.1.6 (/opt/ros/galactic/share/ament_cmake/cmake)
[0.269s] -- Found PythonInterp: /usr/bin/python3 (found suitable version "3.8.10", minimum required is "3") 
[0.269s] -- Using PYTHON_EXECUTABLE: /usr/bin/python3
[0.333s] -- Found rclcpp: 9.2.2 (/opt/ros/galactic/share/rclcpp/cmake)
[0.379s] -- Using all available rosidl_typesupport_c: rosidl_typesupport_fastrtps_c;rosidl_typesupport_introspection_c
[0.384s] -- Found rosidl_adapter: 2.2.3 (/opt/ros/galactic/share/rosidl_adapter/cmake)
[0.537s] -- Using all available rosidl_typesupport_cpp: rosidl_typesupport_fastrtps_cpp;rosidl_typesupport_introspection_cpp
[0.624s] -- Found rmw_implementation_cmake: 3.3.1 (/opt/ros/galactic/share/rmw_implementation_cmake/cmake)
[0.627s] -- Found rmw_cyclonedds_cpp: 0.22.6 (/opt/ros/galactic/share/rmw_cyclonedds_cpp/cmake)
[0.660s] -- Using RMW implementation 'rmw_cyclonedds_cpp' as default
[0.938s] -- Found rclcpp_components: 9.2.2 (/opt/ros/galactic/share/rclcpp_components/cmake)
[1.035s] -- Found geometry_msgs: 2.2.4 (/opt/ros/galactic/share/geometry_msgs/cmake)
[1.099s] -- Found nav_msgs: 2.2.4 (/opt/ros/galactic/share/nav_msgs/cmake)
[1.234s] -- Found sensor_msgs: 2.2.4 (/opt/ros/galactic/share/sensor_msgs/cmake)
[1.365s] -- Found std_srvs: 2.2.4 (/opt/ros/galactic/share/std_srvs/cmake)
[1.379s] -- Found visualization_msgs: 2.2.4 (/opt/ros/galactic/share/visualization_msgs/cmake)
[1.509s] -- Found pcl_ros: 2.4.1 (/usr/local/share/pcl_ros/cmake)
[2.419s] -- Found eigen3_cmake_module: 0.1.1 (/opt/ros/galactic/share/eigen3_cmake_module/cmake)
[3.052s] -- Eigen found (include: /usr/include/eigen3, version: 3.3.7)
[3.144s] -- The imported target "vtkParseOGLExt" references the file
[3.144s]    "/usr/bin/vtkParseOGLExt-7.1"
[3.144s] but this file does not exist.  Possible reasons include:
[3.144s] * The file was deleted, renamed, or moved to another location.
[3.144s] * An install or uninstall procedure did not complete successfully.
[3.145s] * The installation package was faulty and contained
[3.145s]    "/usr/lib/cmake/vtk-7.1/VTKTargets.cmake"
[3.145s] but not all the files it references.
[3.145s] 
[3.145s] -- The imported target "vtkRenderingPythonTkWidgets" references the file
[3.145s]    "/usr/lib/x86_64-linux-gnu/libvtkRenderingPythonTkWidgets.so"
[3.145s] but this file does not exist.  Possible reasons include:
[3.145s] * The file was deleted, renamed, or moved to another location.
[3.145s] * An install or uninstall procedure did not complete successfully.
[3.145s] * The installation package was faulty and contained
[3.145s]    "/usr/lib/cmake/vtk-7.1/VTKTargets.cmake"
[3.145s] but not all the files it references.
[3.146s] 
[3.146s] -- The imported target "vtk" references the file
[3.146s]    "/usr/bin/vtk"
[3.146s] but this file does not exist.  Possible reasons include:
[3.146s] * The file was deleted, renamed, or moved to another location.
[3.146s] * An install or uninstall procedure did not complete successfully.
[3.146s] * The installation package was faulty and contained
[3.147s]    "/usr/lib/cmake/vtk-7.1/VTKTargets.cmake"
[3.147s] but not all the files it references.
[3.147s] 
[3.147s] -- The imported target "pvtk" references the file
[3.147s]    "/usr/bin/pvtk"
[3.147s] but this file does not exist.  Possible reasons include:
[3.147s] * The file was deleted, renamed, or moved to another location.
[3.147s] * An install or uninstall procedure did not complete successfully.
[3.147s] * The installation package was faulty and contained
[3.147s]    "/usr/lib/cmake/vtk-7.1/VTKTargets.cmake"
[3.147s] but not all the files it references.
[3.147s] 
[3.171s] -- OpenNI found (include: /usr/include/ni, lib: /usr/lib/libOpenNI.so)
[3.179s] -- OpenNI2 found (include: /usr/include/openni2, lib: /usr/lib/libOpenNI2.so)
[3.199s] -- OpenNI found (include: /usr/include/ni, lib: /usr/lib/libOpenNI.so)
[3.206s] -- OpenNI2 found (include: /usr/include/openni2, lib: /usr/lib/libOpenNI2.so)
[3.219s] -- QHULL found (include: /usr/include, lib: optimized;/usr/lib/x86_64-linux-gnu/libqhull.so;debug;/usr/lib/x86_64-linux-gnu/libqhull.so)
[3.228s] -- OpenNI found (include: /usr/include/ni, lib: /usr/lib/libOpenNI.so)
[3.280s] -- Found livox_ros_driver2: 1.0.0 (/home/zhangyuanwei/ws1_livox/install/livox_ros_driver2/share/livox_ros_driver2/cmake)
[3.504s] -- Found rosidl_default_generators: 1.1.1 (/opt/ros/galactic/share/rosidl_default_generators/cmake)
[3.521s] CMake Warning (dev) at CMakeLists.txt:80 (find_package):
[3.522s]   Policy CMP0074 is not set: find_package uses <PackageName>_ROOT variables.
[3.522s]   Run "cmake --help-policy CMP0074" for policy details.  Use the cmake_policy
[3.522s]   command to set the policy and suppress this warning.
[3.522s] 
[3.522s]   CMake variable PCL_ROOT is set to:
[3.522s] 
[3.522s]     /usr
[3.522s] 
[3.522s]   For compatibility, CMake is ignoring the variable.
[3.522s] This warning is for project developers.  Use -Wno-dev to suppress it.
[3.522s] 
[3.528s] -- PCL: /usr/include/pcl-1.10
[3.528s] Eigen:/usr/include/eigen3
[3.551s] -- Found PythonInterp: /usr/bin/python3 (found version "3.8.10") 
[3.662s] Error parsing '/home/zhangyuanwei/ws1_livox/src/FAST_LIO_LOCALIZATION_PLUS/package.xml':
[3.781s] Traceback (most recent call last):
[3.781s]   File "/opt/ros/galactic/share/ament_cmake_core/cmake/core/package_xml_2_cmake.py", line 151, in <module>
[3.781s]     main()
[3.781s]   File "/opt/ros/galactic/share/ament_cmake_core/cmake/core/package_xml_2_cmake.py", line 54, in main
[3.781s]     raise e
[3.781s]   File "/opt/ros/galactic/share/ament_cmake_core/cmake/core/package_xml_2_cmake.py", line 50, in main
[3.781s]     package = parse_package_string(
[3.781s]   File "/usr/lib/python3/dist-packages/catkin_pkg/package.py", line 786, in parse_package_string
[3.781s]     raise InvalidPackage('Error(s):%s' % (''.join(['\n- %s' % e for e in errors])), filename)
[3.781s] catkin_pkg.package.InvalidPackage: Error(s) in package '/home/zhangyuanwei/ws1_livox/src/FAST_LIO_LOCALIZATION_PLUS/package.xml':
[3.781s] Error(s):
[3.781s] - The manifest of package "fast_lio" (with format version 1) must not contain the following tags: member_of_group
[3.800s] CMake Error at /opt/ros/galactic/share/ament_cmake_core/cmake/core/ament_package_xml.cmake:94 (message):
[3.800s]   execute_process(/usr/bin/python3
[3.800s]   /opt/ros/galactic/share/ament_cmake_core/cmake/core/package_xml_2_cmake.py
[3.800s]   /home/zhangyuanwei/ws1_livox/src/FAST_LIO_LOCALIZATION_PLUS/package.xml
[3.800s]   /home/zhangyuanwei/ws1_livox/src/FAST_LIO_LOCALIZATION_PLUS/build/fast_lio/ament_cmake_core/package.cmake)
[3.800s]   returned error code 1
[3.800s] Call Stack (most recent call first):
[3.801s]   /opt/ros/galactic/share/ament_cmake_core/cmake/core/ament_package_xml.cmake:49 (_ament_package_xml)
[3.801s]   /opt/ros/galactic/share/rosidl_cmake/cmake/rosidl_generate_interfaces.cmake:226 (ament_package_xml)
[3.801s]   CMakeLists.txt:89 (rosidl_generate_interfaces)
[3.801s] 
[3.801s] 
[3.804s] -- Configuring incomplete, errors occurred!
[3.804s] See also "/home/zhangyuanwei/ws1_livox/src/FAST_LIO_LOCALIZATION_PLUS/build/fast_lio/CMakeFiles/CMakeOutput.log".
[3.817s] Invoked command in '/home/zhangyuanwei/ws1_livox/src/FAST_LIO_LOCALIZATION_PLUS/build/fast_lio' returned '1': /usr/bin/cmake /home/zhangyuanwei/ws1_livox/src/FAST_LIO_LOCALIZATION_PLUS -DCMAKE_INSTALL_PREFIX=/home/zhangyuanwei/ws1_livox/src/FAST_LIO_LOCALIZATION_PLUS/install/fast_lio
