[2.798s] DEBUG:colcon:Command line arguments: ['/usr/bin/colcon', 'build']
[2.798s] DEBUG:colcon:Parsed command line arguments: Namespace(allow_overriding=[], ament_cmake_args=None, base_paths=['.'], build_base='build', catkin_cmake_args=None, catkin_skip_building_tests=False, cmake_args=None, cmake_clean_cache=False, cmake_clean_first=False, cmake_force_configure=False, cmake_target=None, cmake_target_skip_unavailable=False, continue_on_error=False, event_handlers=None, executor='parallel', ignore_user_meta=False, install_base='install', log_base=None, log_level=None, main=<bound method BuildVerb.main of <colcon_core.verb.build.BuildVerb object at 0x7f2bef56d310>>, merge_install=False, metas=['./colcon.meta'], packages_above=None, packages_above_and_dependencies=None, packages_above_depth=None, packages_end=None, packages_ignore=None, packages_ignore_regex=None, packages_select=None, packages_select_build_failed=False, packages_select_by_dep=None, packages_select_regex=None, packages_select_test_failures=False, packages_skip=None, packages_skip_build_finished=False, packages_skip_by_dep=None, packages_skip_regex=None, packages_skip_test_passed=False, packages_skip_up_to=None, packages_start=None, packages_up_to=None, packages_up_to_regex=None, parallel_workers=6, paths=None, symlink_install=False, test_result_base=None, verb_extension=<colcon_core.verb.build.BuildVerb object at 0x7f2bef56d310>, verb_name='build', verb_parser=<colcon_defaults.argument_parser.defaults.DefaultArgumentsDecorator object at 0x7f2bef56d0d0>)
[3.013s] Level 1:colcon.colcon_core.package_discovery:discover_packages(colcon_meta) check parameters
[3.013s] Level 1:colcon.colcon_core.package_discovery:discover_packages(recursive) check parameters
[3.013s] Level 1:colcon.colcon_core.package_discovery:discover_packages(ignore) check parameters
[3.013s] Level 1:colcon.colcon_core.package_discovery:discover_packages(path) check parameters
[3.013s] Level 1:colcon.colcon_core.package_discovery:discover_packages(colcon_meta) discover
[3.013s] Level 1:colcon.colcon_core.package_discovery:discover_packages(recursive) discover
[3.013s] INFO:colcon.colcon_core.package_discovery:Crawling recursively for packages in '/home/zhangyuanwei/ws1_livox/src/FAST_LIO_LOCALIZATION_PLUS'
[3.013s] Level 1:colcon.colcon_core.package_identification:_identify(.) by extensions ['ignore', 'ignore_ament_install']
[3.013s] Level 1:colcon.colcon_core.package_identification:_identify(.) by extension 'ignore'
[3.014s] Level 1:colcon.colcon_core.package_identification:_identify(.) by extension 'ignore_ament_install'
[3.014s] Level 1:colcon.colcon_core.package_identification:_identify(.) by extensions ['colcon_pkg']
[3.014s] Level 1:colcon.colcon_core.package_identification:_identify(.) by extension 'colcon_pkg'
[3.014s] Level 1:colcon.colcon_core.package_identification:_identify(.) by extensions ['colcon_meta']
[3.014s] Level 1:colcon.colcon_core.package_identification:_identify(.) by extension 'colcon_meta'
[3.014s] Level 1:colcon.colcon_core.package_identification:_identify(.) by extensions ['ros']
[3.014s] Level 1:colcon.colcon_core.package_identification:_identify(.) by extension 'ros'
[3.030s] DEBUG:colcon.colcon_core.package_identification:Package '.' with type 'ros.catkin' and name 'fast_lio'
[3.030s] Level 1:colcon.colcon_core.package_discovery:discover_packages(recursive) using defaults
[3.030s] Level 1:colcon.colcon_core.package_discovery:discover_packages(ignore) discover
[3.030s] Level 1:colcon.colcon_core.package_discovery:discover_packages(ignore) using defaults
[3.030s] Level 1:colcon.colcon_core.package_discovery:discover_packages(path) discover
[3.030s] Level 1:colcon.colcon_core.package_discovery:discover_packages(path) using defaults
[3.283s] Level 1:colcon.colcon_core.package_discovery:discover_packages(prefix_path) check parameters
[3.283s] Level 1:colcon.colcon_core.package_discovery:discover_packages(prefix_path) discover
[3.394s] DEBUG:colcon.colcon_installed_package_information.package_discovery:Found 268 installed packages in /opt/ros/galactic
[3.396s] Level 1:colcon.colcon_core.package_discovery:discover_packages(prefix_path) using defaults
[3.569s] Level 5:colcon.colcon_core.verb:set package 'fast_lio' build argument 'cmake_args' from command line to 'None'
[3.569s] Level 5:colcon.colcon_core.verb:set package 'fast_lio' build argument 'cmake_target' from command line to 'None'
[3.569s] Level 5:colcon.colcon_core.verb:set package 'fast_lio' build argument 'cmake_target_skip_unavailable' from command line to 'False'
[3.569s] Level 5:colcon.colcon_core.verb:set package 'fast_lio' build argument 'cmake_clean_cache' from command line to 'False'
[3.569s] Level 5:colcon.colcon_core.verb:set package 'fast_lio' build argument 'cmake_clean_first' from command line to 'False'
[3.569s] Level 5:colcon.colcon_core.verb:set package 'fast_lio' build argument 'cmake_force_configure' from command line to 'False'
[3.569s] Level 5:colcon.colcon_core.verb:set package 'fast_lio' build argument 'ament_cmake_args' from command line to 'None'
[3.569s] Level 5:colcon.colcon_core.verb:set package 'fast_lio' build argument 'catkin_cmake_args' from command line to 'None'
[3.569s] Level 5:colcon.colcon_core.verb:set package 'fast_lio' build argument 'catkin_skip_building_tests' from command line to 'False'
[3.569s] DEBUG:colcon.colcon_core.verb:Building package 'fast_lio' with the following arguments: {'ament_cmake_args': None, 'build_base': '/home/zhangyuanwei/ws1_livox/src/FAST_LIO_LOCALIZATION_PLUS/build/fast_lio', 'catkin_cmake_args': None, 'catkin_skip_building_tests': False, 'cmake_args': None, 'cmake_clean_cache': False, 'cmake_clean_first': False, 'cmake_force_configure': False, 'cmake_target': None, 'cmake_target_skip_unavailable': False, 'install_base': '/home/zhangyuanwei/ws1_livox/src/FAST_LIO_LOCALIZATION_PLUS/install/fast_lio', 'merge_install': False, 'path': '/home/zhangyuanwei/ws1_livox/src/FAST_LIO_LOCALIZATION_PLUS', 'symlink_install': False, 'test_result_base': None}
[3.626s] INFO:colcon.colcon_core.executor:Executing jobs using 'parallel' executor
[3.682s] DEBUG:colcon.colcon_parallel_executor.executor.parallel:run_until_complete
[3.682s] INFO:colcon.colcon_ros.task.catkin.build:Building ROS package in '/home/zhangyuanwei/ws1_livox/src/FAST_LIO_LOCALIZATION_PLUS' with build type 'catkin'
[3.682s] INFO:colcon.colcon_cmake.task.cmake.build:Building CMake package in '/home/zhangyuanwei/ws1_livox/src/FAST_LIO_LOCALIZATION_PLUS'
[3.731s] INFO:colcon.colcon_core.plugin_system:Skipping extension 'colcon_core.shell.bat': Not used on non-Windows systems
[3.731s] INFO:colcon.colcon_core.shell:Skip shell extension 'powershell' for command environment: Not usable outside of PowerShell
[3.732s] DEBUG:colcon.colcon_core.shell:Skip shell extension 'dsv' for command environment
[3.925s] DEBUG:colcon.colcon_core.event_handler.log_command:Invoking command in '/home/zhangyuanwei/ws1_livox/src/FAST_LIO_LOCALIZATION_PLUS/build/fast_lio': /usr/bin/cmake /home/zhangyuanwei/ws1_livox/src/FAST_LIO_LOCALIZATION_PLUS -DCATKIN_INSTALL_INTO_PREFIX_ROOT=0 -DCMAKE_INSTALL_PREFIX=/home/zhangyuanwei/ws1_livox/src/FAST_LIO_LOCALIZATION_PLUS/install/fast_lio
[7.901s] DEBUG:colcon.colcon_core.event_handler.log_command:Invoked command in '/home/zhangyuanwei/ws1_livox/src/FAST_LIO_LOCALIZATION_PLUS/build/fast_lio' returned '1': /usr/bin/cmake /home/zhangyuanwei/ws1_livox/src/FAST_LIO_LOCALIZATION_PLUS -DCATKIN_INSTALL_INTO_PREFIX_ROOT=0 -DCMAKE_INSTALL_PREFIX=/home/zhangyuanwei/ws1_livox/src/FAST_LIO_LOCALIZATION_PLUS/install/fast_lio
[7.917s] Level 1:colcon.colcon_core.environment:create_environment_scripts_only(fast_lio)
[7.969s] Level 1:colcon.colcon_core.environment:checking '/home/zhangyuanwei/ws1_livox/src/FAST_LIO_LOCALIZATION_PLUS/install/fast_lio' for CMake module files
[7.969s] Level 1:colcon.colcon_core.environment:checking '/home/zhangyuanwei/ws1_livox/src/FAST_LIO_LOCALIZATION_PLUS/install/fast_lio' for CMake config files
[7.970s] Level 1:colcon.colcon_core.environment:checking '/home/zhangyuanwei/ws1_livox/src/FAST_LIO_LOCALIZATION_PLUS/install/fast_lio/bin'
[7.970s] Level 1:colcon.colcon_core.environment:checking '/home/zhangyuanwei/ws1_livox/src/FAST_LIO_LOCALIZATION_PLUS/install/fast_lio/lib/pkgconfig/fast_lio.pc'
[7.970s] Level 1:colcon.colcon_core.environment:checking '/home/zhangyuanwei/ws1_livox/src/FAST_LIO_LOCALIZATION_PLUS/install/fast_lio/lib/python3.8/site-packages'
[7.970s] Level 1:colcon.colcon_core.environment:checking '/home/zhangyuanwei/ws1_livox/src/FAST_LIO_LOCALIZATION_PLUS/install/fast_lio/bin'
[8.029s] INFO:colcon.colcon_core.shell:Creating package script '/home/zhangyuanwei/ws1_livox/src/FAST_LIO_LOCALIZATION_PLUS/install/fast_lio/share/fast_lio/package.ps1'
[8.030s] INFO:colcon.colcon_core.shell:Creating package descriptor '/home/zhangyuanwei/ws1_livox/src/FAST_LIO_LOCALIZATION_PLUS/install/fast_lio/share/fast_lio/package.dsv'
[8.030s] INFO:colcon.colcon_core.shell:Creating package script '/home/zhangyuanwei/ws1_livox/src/FAST_LIO_LOCALIZATION_PLUS/install/fast_lio/share/fast_lio/package.sh'
[8.031s] INFO:colcon.colcon_core.shell:Creating package script '/home/zhangyuanwei/ws1_livox/src/FAST_LIO_LOCALIZATION_PLUS/install/fast_lio/share/fast_lio/package.bash'
[8.032s] INFO:colcon.colcon_core.shell:Creating package script '/home/zhangyuanwei/ws1_livox/src/FAST_LIO_LOCALIZATION_PLUS/install/fast_lio/share/fast_lio/package.zsh'
[8.032s] Level 1:colcon.colcon_core.environment:create_file_with_runtime_dependencies(/home/zhangyuanwei/ws1_livox/src/FAST_LIO_LOCALIZATION_PLUS/install/fast_lio/share/colcon-core/packages/fast_lio)
[8.044s] DEBUG:colcon.colcon_parallel_executor.executor.parallel:closing loop
[8.044s] DEBUG:colcon.colcon_parallel_executor.executor.parallel:loop closed
[8.044s] DEBUG:colcon.colcon_parallel_executor.executor.parallel:run_until_complete finished with '1'
[8.044s] DEBUG:colcon.colcon_core.event_reactor:joining thread
[8.095s] INFO:colcon.colcon_core.plugin_system:Skipping extension 'colcon_notification.desktop_notification.terminal_notifier': Not used on non-Darwin systems
[8.095s] INFO:colcon.colcon_core.plugin_system:Skipping extension 'colcon_notification.desktop_notification.win32': Not used on non-Windows systems
[8.096s] INFO:colcon.colcon_notification.desktop_notification:Sending desktop notification using 'notify2'
[8.113s] DEBUG:colcon.colcon_core.event_reactor:joined thread
[8.166s] INFO:colcon.colcon_core.shell:Creating prefix script '/home/zhangyuanwei/ws1_livox/src/FAST_LIO_LOCALIZATION_PLUS/install/local_setup.ps1'
[8.167s] INFO:colcon.colcon_core.shell:Creating prefix util module '/home/zhangyuanwei/ws1_livox/src/FAST_LIO_LOCALIZATION_PLUS/install/_local_setup_util_ps1.py'
[8.168s] INFO:colcon.colcon_core.shell:Creating prefix chain script '/home/zhangyuanwei/ws1_livox/src/FAST_LIO_LOCALIZATION_PLUS/install/setup.ps1'
[8.216s] INFO:colcon.colcon_core.shell:Creating prefix script '/home/zhangyuanwei/ws1_livox/src/FAST_LIO_LOCALIZATION_PLUS/install/local_setup.sh'
[8.217s] INFO:colcon.colcon_core.shell:Creating prefix util module '/home/zhangyuanwei/ws1_livox/src/FAST_LIO_LOCALIZATION_PLUS/install/_local_setup_util_sh.py'
[8.218s] INFO:colcon.colcon_core.shell:Creating prefix chain script '/home/zhangyuanwei/ws1_livox/src/FAST_LIO_LOCALIZATION_PLUS/install/setup.sh'
[8.268s] INFO:colcon.colcon_core.shell:Creating prefix script '/home/zhangyuanwei/ws1_livox/src/FAST_LIO_LOCALIZATION_PLUS/install/local_setup.bash'
[8.268s] INFO:colcon.colcon_core.shell:Creating prefix chain script '/home/zhangyuanwei/ws1_livox/src/FAST_LIO_LOCALIZATION_PLUS/install/setup.bash'
[8.317s] INFO:colcon.colcon_core.shell:Creating prefix script '/home/zhangyuanwei/ws1_livox/src/FAST_LIO_LOCALIZATION_PLUS/install/local_setup.zsh'
[8.317s] INFO:colcon.colcon_core.shell:Creating prefix chain script '/home/zhangyuanwei/ws1_livox/src/FAST_LIO_LOCALIZATION_PLUS/install/setup.zsh'
