[0.322s] Invoking command in '/home/zhangyuanwei/ws1_livox/src/FAST_LIO_LOCALIZATION_PLUS/build/fast_lio': /usr/bin/cmake /home/zhangyuanwei/ws1_livox/src/FAST_LIO_LOCALIZATION_PLUS -DCATKIN_INSTALL_INTO_PREFIX_ROOT=0 -DCMAKE_INSTALL_PREFIX=/home/zhangyuanwei/ws1_livox/src/FAST_LIO_LOCALIZATION_PLUS/install/fast_lio
[0.323s] Current CPU archtecture: x86_64
[0.323s] Processer number:  6
[0.323s] core for MP: 3
[0.323s] -- Found ament_cmake: 1.1.6 (/opt/ros/galactic/share/ament_cmake/cmake)
[0.323s] -- Using PYTHON_EXECUTABLE: /usr/bin/python3
[0.339s] -- Found rclcpp: 9.2.2 (/opt/ros/galactic/share/rclcpp/cmake)
[0.385s] -- Using all available rosidl_typesupport_c: rosidl_typesupport_fastrtps_c;rosidl_typesupport_introspection_c
[0.390s] -- Found rosidl_adapter: 2.2.3 (/opt/ros/galactic/share/rosidl_adapter/cmake)
[0.537s] -- Using all available rosidl_typesupport_cpp: rosidl_typesupport_fastrtps_cpp;rosidl_typesupport_introspection_cpp
[0.624s] -- Found rmw_implementation_cmake: 3.3.1 (/opt/ros/galactic/share/rmw_implementation_cmake/cmake)
[0.626s] -- Found rmw_cyclonedds_cpp: 0.22.6 (/opt/ros/galactic/share/rmw_cyclonedds_cpp/cmake)
[0.662s] -- Using RMW implementation 'rmw_cyclonedds_cpp' as default
[0.933s] -- Found rclcpp_components: 9.2.2 (/opt/ros/galactic/share/rclcpp_components/cmake)
[1.028s] -- Found geometry_msgs: 2.2.4 (/opt/ros/galactic/share/geometry_msgs/cmake)
[1.090s] -- Found nav_msgs: 2.2.4 (/opt/ros/galactic/share/nav_msgs/cmake)
[1.220s] -- Found sensor_msgs: 2.2.4 (/opt/ros/galactic/share/sensor_msgs/cmake)
[1.349s] -- Found std_srvs: 2.2.4 (/opt/ros/galactic/share/std_srvs/cmake)
[1.364s] -- Found visualization_msgs: 2.2.4 (/opt/ros/galactic/share/visualization_msgs/cmake)
[1.496s] -- Found pcl_ros: 2.4.1 (/usr/local/share/pcl_ros/cmake)
[2.383s] -- Found eigen3_cmake_module: 0.1.1 (/opt/ros/galactic/share/eigen3_cmake_module/cmake)
[3.001s] -- Eigen found (include: /usr/include/eigen3, version: 3.3.7)
[3.092s] -- The imported target "vtkParseOGLExt" references the file
[3.092s]    "/usr/bin/vtkParseOGLExt-7.1"
[3.092s] but this file does not exist.  Possible reasons include:
[3.092s] * The file was deleted, renamed, or moved to another location.
[3.092s] * An install or uninstall procedure did not complete successfully.
[3.092s] * The installation package was faulty and contained
[3.092s]    "/usr/lib/cmake/vtk-7.1/VTKTargets.cmake"
[3.092s] but not all the files it references.
[3.093s] 
[3.093s] -- The imported target "vtkRenderingPythonTkWidgets" references the file
[3.093s]    "/usr/lib/x86_64-linux-gnu/libvtkRenderingPythonTkWidgets.so"
[3.093s] but this file does not exist.  Possible reasons include:
[3.093s] * The file was deleted, renamed, or moved to another location.
[3.093s] * An install or uninstall procedure did not complete successfully.
[3.093s] * The installation package was faulty and contained
[3.093s]    "/usr/lib/cmake/vtk-7.1/VTKTargets.cmake"
[3.093s] but not all the files it references.
[3.094s] 
[3.094s] -- The imported target "vtk" references the file
[3.094s]    "/usr/bin/vtk"
[3.094s] but this file does not exist.  Possible reasons include:
[3.094s] * The file was deleted, renamed, or moved to another location.
[3.094s] * An install or uninstall procedure did not complete successfully.
[3.094s] * The installation package was faulty and contained
[3.094s]    "/usr/lib/cmake/vtk-7.1/VTKTargets.cmake"
[3.095s] but not all the files it references.
[3.095s] 
[3.095s] -- The imported target "pvtk" references the file
[3.095s]    "/usr/bin/pvtk"
[3.095s] but this file does not exist.  Possible reasons include:
[3.095s] * The file was deleted, renamed, or moved to another location.
[3.095s] * An install or uninstall procedure did not complete successfully.
[3.095s] * The installation package was faulty and contained
[3.095s]    "/usr/lib/cmake/vtk-7.1/VTKTargets.cmake"
[3.095s] but not all the files it references.
[3.095s] 
[3.118s] -- OpenNI found (include: /usr/include/ni, lib: /usr/lib/libOpenNI.so)
[3.125s] -- OpenNI2 found (include: /usr/include/openni2, lib: /usr/lib/libOpenNI2.so)
[3.145s] -- OpenNI found (include: /usr/include/ni, lib: /usr/lib/libOpenNI.so)
[3.152s] -- OpenNI2 found (include: /usr/include/openni2, lib: /usr/lib/libOpenNI2.so)
[3.166s] -- QHULL found (include: /usr/include, lib: optimized;/usr/lib/x86_64-linux-gnu/libqhull.so;debug;/usr/lib/x86_64-linux-gnu/libqhull.so)
[3.174s] -- OpenNI found (include: /usr/include/ni, lib: /usr/lib/libOpenNI.so)
[3.227s] -- Found livox_ros_driver2: 1.0.0 (/home/zhangyuanwei/ws1_livox/install/livox_ros_driver2/share/livox_ros_driver2/cmake)
[3.445s] -- Found rosidl_default_generators: 1.1.1 (/opt/ros/galactic/share/rosidl_default_generators/cmake)
[3.463s] CMake Warning (dev) at CMakeLists.txt:80 (find_package):
[3.464s]   Policy CMP0074 is not set: find_package uses <PackageName>_ROOT variables.
[3.464s]   Run "cmake --help-policy CMP0074" for policy details.  Use the cmake_policy
[3.464s]   command to set the policy and suppress this warning.
[3.464s] 
[3.464s]   CMake variable PCL_ROOT is set to:
[3.464s] 
[3.464s]     /usr
[3.464s] 
[3.464s]   For compatibility, CMake is ignoring the variable.
[3.464s] This warning is for project developers.  Use -Wno-dev to suppress it.
[3.464s] 
[3.471s] Eigen:/usr/include/eigen3
[3.471s] -- PCL: /usr/include/pcl-1.10
[3.495s] -- Found PythonInterp: /usr/bin/python3 (found version "3.8.10") 
[3.609s] CMake Error at /opt/ros/galactic/share/rosidl_cmake/cmake/rosidl_generate_interfaces.cmake:229 (message):
[3.609s]   Packages installing interfaces must include
[3.609s]   '<member_of_group>rosidl_interface_packages</member_of_group>' in their
[3.609s]   package.xml
[3.609s] Call Stack (most recent call first):
[3.609s]   CMakeLists.txt:89 (rosidl_generate_interfaces)
[3.609s] 
[3.609s] 
[3.612s] -- Configuring incomplete, errors occurred!
[3.612s] See also "/home/zhangyuanwei/ws1_livox/src/FAST_LIO_LOCALIZATION_PLUS/build/fast_lio/CMakeFiles/CMakeOutput.log".
[3.627s] Invoked command in '/home/zhangyuanwei/ws1_livox/src/FAST_LIO_LOCALIZATION_PLUS/build/fast_lio' returned '1': /usr/bin/cmake /home/zhangyuanwei/ws1_livox/src/FAST_LIO_LOCALIZATION_PLUS -DCATKIN_INSTALL_INTO_PREFIX_ROOT=0 -DCMAKE_INSTALL_PREFIX=/home/zhangyuanwei/ws1_livox/src/FAST_LIO_LOCALIZATION_PLUS/install/fast_lio
