[0.222s] Invoking command in '/home/zhangyuanwei/ws1_livox/src/FAST_LIO_LOCALIZATION_PLUS/build/fast_lio': /usr/bin/cmake /home/zhangyuanwei/ws1_livox/src/FAST_LIO_LOCALIZATION_PLUS -DCMAKE_INSTALL_PREFIX=/home/zhangyuanwei/ws1_livox/src/FAST_LIO_LOCALIZATION_PLUS/install/fast_lio
[0.299s] -- The C compiler identification is GNU 9.4.0
[0.372s] -- The CXX compiler identification is GNU 9.4.0
[0.380s] -- Check for working C compiler: /usr/bin/cc
[0.456s] -- Check for working C compiler: /usr/bin/cc -- works
[0.457s] -- Detecting C compiler ABI info
[0.537s] -- Detecting C compiler ABI info - done
[0.552s] -- Detecting C compile features
[0.552s] -- Detecting C compile features - done
[0.557s] -- Check for working CXX compiler: /usr/bin/c++
[0.649s] -- Check for working CXX compiler: /usr/bin/c++ -- works
[0.650s] -- Detecting CXX compiler ABI info
[0.741s] -- Detecting CXX compiler ABI info - done
[0.756s] -- Detecting CXX compile features
[0.756s] -- Detecting CXX compile features - done
[0.757s] Current CPU archtecture: x86_64
[0.762s] Processer number:  6
[0.762s] core for MP: 3
[1.466s] -- Found PythonLibs: /usr/lib/x86_64-linux-gnu/libpython3.8.so (found version "3.8.10") 
[1.467s] -- Found ament_cmake: 1.1.6 (/opt/ros/galactic/share/ament_cmake/cmake)
[1.493s] -- Found PythonInterp: /usr/bin/python3 (found suitable version "3.8.10", minimum required is "3") 
[1.493s] -- Using PYTHON_EXECUTABLE: /usr/bin/python3
[1.573s] -- Found rclcpp: 9.2.2 (/opt/ros/galactic/share/rclcpp/cmake)
[1.624s] -- Using all available rosidl_typesupport_c: rosidl_typesupport_fastrtps_c;rosidl_typesupport_introspection_c
[1.632s] -- Found rosidl_adapter: 2.2.3 (/opt/ros/galactic/share/rosidl_adapter/cmake)
[1.728s] -- Found OpenSSL: /usr/lib/x86_64-linux-gnu/libcrypto.so (found version "1.1.1f")  
[1.756s] -- Found FastRTPS: /opt/ros/galactic/include  
[1.856s] -- Using all available rosidl_typesupport_cpp: rosidl_typesupport_fastrtps_cpp;rosidl_typesupport_introspection_cpp
[1.953s] -- Found rmw_implementation_cmake: 3.3.1 (/opt/ros/galactic/share/rmw_implementation_cmake/cmake)
[1.955s] -- Found rmw_cyclonedds_cpp: 0.22.6 (/opt/ros/galactic/share/rmw_cyclonedds_cpp/cmake)
[1.990s] -- Using RMW implementation 'rmw_cyclonedds_cpp' as default
[1.992s] -- Looking for pthread.h
[2.074s] -- Looking for pthread.h - found
[2.074s] -- Performing Test CMAKE_HAVE_LIBC_PTHREAD
[2.157s] -- Performing Test CMAKE_HAVE_LIBC_PTHREAD - Success
[2.159s] -- Found Threads: TRUE  
[2.446s] -- Found rclcpp_components: 9.2.2 (/opt/ros/galactic/share/rclcpp_components/cmake)
[2.549s] -- Found geometry_msgs: 2.2.4 (/opt/ros/galactic/share/geometry_msgs/cmake)
[2.615s] -- Found nav_msgs: 2.2.4 (/opt/ros/galactic/share/nav_msgs/cmake)
[2.747s] -- Found sensor_msgs: 2.2.4 (/opt/ros/galactic/share/sensor_msgs/cmake)
[2.880s] -- Found std_srvs: 2.2.4 (/opt/ros/galactic/share/std_srvs/cmake)
[2.895s] -- Found visualization_msgs: 2.2.4 (/opt/ros/galactic/share/visualization_msgs/cmake)
[3.028s] -- Found pcl_ros: 2.4.1 (/usr/local/share/pcl_ros/cmake)
[4.067s] -- Found eigen3_cmake_module: 0.1.1 (/opt/ros/galactic/share/eigen3_cmake_module/cmake)
[4.070s] -- Found Eigen3: TRUE (found version "3.3.7") 
[4.715s] -- Checking for module 'eigen3'
[4.731s] --   Found eigen3, version 3.3.7
[4.779s] -- Found Eigen: /usr/include/eigen3 (Required is at least version "3.1") 
[4.780s] -- Eigen found (include: /usr/include/eigen3, version: 3.3.7)
[4.843s] -- Checking for module 'flann'
[4.861s] --   Found flann, version 1.9.1
[4.915s] -- Found FLANN: /usr/lib/x86_64-linux-gnu/libflann_cpp.so  
[4.976s] -- The imported target "vtkParseOGLExt" references the file
[4.976s]    "/usr/bin/vtkParseOGLExt-7.1"
[4.977s] but this file does not exist.  Possible reasons include:
[4.977s] * The file was deleted, renamed, or moved to another location.
[4.977s] * An install or uninstall procedure did not complete successfully.
[4.977s] * The installation package was faulty and contained
[4.977s]    "/usr/lib/cmake/vtk-7.1/VTKTargets.cmake"
[4.977s] but not all the files it references.
[4.977s] 
[4.977s] -- The imported target "vtkRenderingPythonTkWidgets" references the file
[4.977s]    "/usr/lib/x86_64-linux-gnu/libvtkRenderingPythonTkWidgets.so"
[4.978s] but this file does not exist.  Possible reasons include:
[4.978s] * The file was deleted, renamed, or moved to another location.
[4.978s] * An install or uninstall procedure did not complete successfully.
[4.978s] * The installation package was faulty and contained
[4.978s]    "/usr/lib/cmake/vtk-7.1/VTKTargets.cmake"
[4.978s] but not all the files it references.
[4.978s] 
[4.978s] -- The imported target "vtk" references the file
[4.978s]    "/usr/bin/vtk"
[4.978s] but this file does not exist.  Possible reasons include:
[4.978s] * The file was deleted, renamed, or moved to another location.
[4.978s] * An install or uninstall procedure did not complete successfully.
[4.979s] * The installation package was faulty and contained
[4.979s]    "/usr/lib/cmake/vtk-7.1/VTKTargets.cmake"
[4.979s] but not all the files it references.
[4.979s] 
[4.979s] -- The imported target "pvtk" references the file
[4.979s]    "/usr/bin/pvtk"
[4.979s] but this file does not exist.  Possible reasons include:
[4.979s] * The file was deleted, renamed, or moved to another location.
[4.979s] * An install or uninstall procedure did not complete successfully.
[4.979s] * The installation package was faulty and contained
[4.979s]    "/usr/lib/cmake/vtk-7.1/VTKTargets.cmake"
[4.979s] but not all the files it references.
[4.979s] 
[5.009s] -- Checking for module 'libusb-1.0'
[5.028s] --   Found libusb-1.0, version 1.0.23
[5.079s] -- Found USB_10: /usr/lib/x86_64-linux-gnu/libusb-1.0.so  
[5.149s] -- OpenNI found (include: /usr/include/ni, lib: /usr/lib/libOpenNI.so)
[5.228s] -- OpenNI2 found (include: /usr/include/openni2, lib: /usr/lib/libOpenNI2.so)
[5.242s] -- Found libusb-1.0: /usr/include  
[5.250s] -- OpenNI found (include: /usr/include/ni, lib: /usr/lib/libOpenNI.so)
[5.257s] -- OpenNI2 found (include: /usr/include/openni2, lib: /usr/lib/libOpenNI2.so)
[5.284s] -- Found Qhull: optimized;/usr/lib/x86_64-linux-gnu/libqhull.so;debug;/usr/lib/x86_64-linux-gnu/libqhull.so  
[5.284s] -- QHULL found (include: /usr/include, lib: optimized;/usr/lib/x86_64-linux-gnu/libqhull.so;debug;/usr/lib/x86_64-linux-gnu/libqhull.so)
[5.292s] -- OpenNI found (include: /usr/include/ni, lib: /usr/lib/libOpenNI.so)
[5.305s] -- Found PCL_COMMON: /usr/lib/x86_64-linux-gnu/libpcl_common.so  
[5.308s] -- Found PCL_KDTREE: /usr/lib/x86_64-linux-gnu/libpcl_kdtree.so  
[5.309s] -- Found PCL_OCTREE: /usr/lib/x86_64-linux-gnu/libpcl_octree.so  
[5.310s] -- Found PCL_SEARCH: /usr/lib/x86_64-linux-gnu/libpcl_search.so  
[5.312s] -- Found PCL_SAMPLE_CONSENSUS: /usr/lib/x86_64-linux-gnu/libpcl_sample_consensus.so  
[5.313s] -- Found PCL_FILTERS: /usr/lib/x86_64-linux-gnu/libpcl_filters.so  
[5.313s] -- Found PCL_2D: /usr/include/pcl-1.10  
[5.314s] -- Found PCL_GEOMETRY: /usr/include/pcl-1.10  
[5.315s] -- Found PCL_IO: /usr/lib/x86_64-linux-gnu/libpcl_io.so  
[5.316s] -- Found PCL_FEATURES: /usr/lib/x86_64-linux-gnu/libpcl_features.so  
[5.318s] -- Found PCL_ML: /usr/lib/x86_64-linux-gnu/libpcl_ml.so  
[5.319s] -- Found PCL_SEGMENTATION: /usr/lib/x86_64-linux-gnu/libpcl_segmentation.so  
[5.320s] -- Found PCL_VISUALIZATION: /usr/lib/x86_64-linux-gnu/libpcl_visualization.so  
[5.322s] -- Found PCL_SURFACE: /usr/lib/x86_64-linux-gnu/libpcl_surface.so  
[5.323s] -- Found PCL_REGISTRATION: /usr/lib/x86_64-linux-gnu/libpcl_registration.so  
[5.327s] -- Found PCL_KEYPOINTS: /usr/lib/x86_64-linux-gnu/libpcl_keypoints.so  
[5.329s] -- Found PCL_TRACKING: /usr/lib/x86_64-linux-gnu/libpcl_tracking.so  
[5.330s] -- Found PCL_RECOGNITION: /usr/lib/x86_64-linux-gnu/libpcl_recognition.so  
[5.332s] -- Found PCL_STEREO: /usr/lib/x86_64-linux-gnu/libpcl_stereo.so  
[5.333s] -- Found PCL_APPS: /usr/lib/x86_64-linux-gnu/libpcl_apps.so  
[5.334s] -- Found PCL_IN_HAND_SCANNER: /usr/include/pcl-1.10  
[5.335s] -- Found PCL_POINT_CLOUD_EDITOR: /usr/include/pcl-1.10  
[5.336s] -- Found PCL_OUTOFCORE: /usr/lib/x86_64-linux-gnu/libpcl_outofcore.so  
[5.337s] -- Found PCL_PEOPLE: /usr/lib/x86_64-linux-gnu/libpcl_people.so  
[5.365s] -- Found livox_ros_driver2: 1.0.0 (/home/zhangyuanwei/ws1_livox/install/livox_ros_driver2/share/livox_ros_driver2/cmake)
[5.584s] -- Found rosidl_default_generators: 1.1.1 (/opt/ros/galactic/share/rosidl_default_generators/cmake)
[5.603s] CMake Warning (dev) at CMakeLists.txt:80 (find_package):
[5.603s]   Policy CMP0074 is not set: find_package uses <PackageName>_ROOT variables.
[5.603s]   Run "cmake --help-policy CMP0074" for policy details.  Use the cmake_policy
[5.603s]   command to set the policy and suppress this warning.
[5.603s] 
[5.603s]   CMake variable PCL_ROOT is set to:
[5.603s] 
[5.603s]     /usr
[5.603s] 
[5.603s]   For compatibility, CMake is ignoring the variable.
[5.603s] This warning is for project developers.  Use -Wno-dev to suppress it.
[5.603s] 
[5.611s] -- PCL: /usr/include/pcl-1.10
[5.612s] Eigen:/usr/include/eigen3
[5.637s] -- Found PythonInterp: /usr/bin/python3 (found version "3.8.10") 
[5.747s] Error parsing '/home/zhangyuanwei/ws1_livox/src/FAST_LIO_LOCALIZATION_PLUS/package.xml':
[5.864s] Traceback (most recent call last):
[5.864s]   File "/opt/ros/galactic/share/ament_cmake_core/cmake/core/package_xml_2_cmake.py", line 151, in <module>
[5.864s]     main()
[5.864s]   File "/opt/ros/galactic/share/ament_cmake_core/cmake/core/package_xml_2_cmake.py", line 54, in main
[5.865s]     raise e
[5.865s]   File "/opt/ros/galactic/share/ament_cmake_core/cmake/core/package_xml_2_cmake.py", line 50, in main
[5.865s]     package = parse_package_string(
[5.865s]   File "/usr/lib/python3/dist-packages/catkin_pkg/package.py", line 786, in parse_package_string
[5.865s]     raise InvalidPackage('Error(s):%s' % (''.join(['\n- %s' % e for e in errors])), filename)
[5.865s] catkin_pkg.package.InvalidPackage: Error(s) in package '/home/zhangyuanwei/ws1_livox/src/FAST_LIO_LOCALIZATION_PLUS/package.xml':
[5.865s] Error(s):
[5.865s] - The manifest of package "fast_lio" (with format version 1) must not contain the following tags: exec_depend, member_of_group
[5.865s] - Either update to a newer format or replace <exec_depend> tags with <run_depend> tags.
[5.887s] CMake Error at /opt/ros/galactic/share/ament_cmake_core/cmake/core/ament_package_xml.cmake:94 (message):
[5.887s]   execute_process(/usr/bin/python3
[5.887s]   /opt/ros/galactic/share/ament_cmake_core/cmake/core/package_xml_2_cmake.py
[5.887s]   /home/zhangyuanwei/ws1_livox/src/FAST_LIO_LOCALIZATION_PLUS/package.xml
[5.887s]   /home/zhangyuanwei/ws1_livox/src/FAST_LIO_LOCALIZATION_PLUS/build/fast_lio/ament_cmake_core/package.cmake)
[5.887s]   returned error code 1
[5.887s] Call Stack (most recent call first):
[5.887s]   /opt/ros/galactic/share/ament_cmake_core/cmake/core/ament_package_xml.cmake:49 (_ament_package_xml)
[5.888s]   /opt/ros/galactic/share/rosidl_cmake/cmake/rosidl_generate_interfaces.cmake:226 (ament_package_xml)
[5.888s]   CMakeLists.txt:89 (rosidl_generate_interfaces)
[5.888s] 
[5.888s] 
[5.892s] -- Configuring incomplete, errors occurred!
[5.892s] See also "/home/zhangyuanwei/ws1_livox/src/FAST_LIO_LOCALIZATION_PLUS/build/fast_lio/CMakeFiles/CMakeOutput.log".
[5.905s] Invoked command in '/home/zhangyuanwei/ws1_livox/src/FAST_LIO_LOCALIZATION_PLUS/build/fast_lio' returned '1': /usr/bin/cmake /home/zhangyuanwei/ws1_livox/src/FAST_LIO_LOCALIZATION_PLUS -DCMAKE_INSTALL_PREFIX=/home/zhangyuanwei/ws1_livox/src/FAST_LIO_LOCALIZATION_PLUS/install/fast_lio
