[0.230s] Invoking command in '/home/zhangyuanwei/ws1_livox/src/FAST_LIO_LOCALIZATION_PLUS/build/fast_lio': /usr/bin/cmake /home/zhangyuanwei/ws1_livox/src/FAST_LIO_LOCALIZATION_PLUS -DCMAKE_INSTALL_PREFIX=/home/zhangyuanwei/ws1_livox/src/FAST_LIO_LOCALIZATION_PLUS/install/fast_lio
[0.253s] Current CPU archtecture: x86_64
[0.256s] Processer number:  6
[0.256s] core for MP: 3
[0.264s] -- Found ament_cmake: 1.1.6 (/opt/ros/galactic/share/ament_cmake/cmake)
[0.288s] -- Found PythonInterp: /usr/bin/python3 (found suitable version "3.8.10", minimum required is "3") 
[0.288s] -- Using PYTHON_EXECUTABLE: /usr/bin/python3
[0.355s] -- Found rclcpp: 9.2.2 (/opt/ros/galactic/share/rclcpp/cmake)
[0.402s] -- Using all available rosidl_typesupport_c: rosidl_typesupport_fastrtps_c;rosidl_typesupport_introspection_c
[0.407s] -- Found rosidl_adapter: 2.2.3 (/opt/ros/galactic/share/rosidl_adapter/cmake)
[0.555s] -- Using all available rosidl_typesupport_cpp: rosidl_typesupport_fastrtps_cpp;rosidl_typesupport_introspection_cpp
[0.646s] -- Found rmw_implementation_cmake: 3.3.1 (/opt/ros/galactic/share/rmw_implementation_cmake/cmake)
[0.648s] -- Found rmw_cyclonedds_cpp: 0.22.6 (/opt/ros/galactic/share/rmw_cyclonedds_cpp/cmake)
[0.683s] -- Using RMW implementation 'rmw_cyclonedds_cpp' as default
[0.971s] -- Found rclcpp_components: 9.2.2 (/opt/ros/galactic/share/rclcpp_components/cmake)
[1.071s] -- Found geometry_msgs: 2.2.4 (/opt/ros/galactic/share/geometry_msgs/cmake)
[1.135s] -- Found nav_msgs: 2.2.4 (/opt/ros/galactic/share/nav_msgs/cmake)
[1.273s] -- Found sensor_msgs: 2.2.4 (/opt/ros/galactic/share/sensor_msgs/cmake)
[1.411s] -- Found std_srvs: 2.2.4 (/opt/ros/galactic/share/std_srvs/cmake)
[1.426s] -- Found visualization_msgs: 2.2.4 (/opt/ros/galactic/share/visualization_msgs/cmake)
[1.564s] -- Found pcl_ros: 2.4.1 (/usr/local/share/pcl_ros/cmake)
[2.452s] -- Found eigen3_cmake_module: 0.1.1 (/opt/ros/galactic/share/eigen3_cmake_module/cmake)
[3.085s] -- Eigen found (include: /usr/include/eigen3, version: 3.3.7)
[3.174s] -- The imported target "vtkParseOGLExt" references the file
[3.174s]    "/usr/bin/vtkParseOGLExt-7.1"
[3.174s] but this file does not exist.  Possible reasons include:
[3.174s] * The file was deleted, renamed, or moved to another location.
[3.174s] * An install or uninstall procedure did not complete successfully.
[3.174s] * The installation package was faulty and contained
[3.174s]    "/usr/lib/cmake/vtk-7.1/VTKTargets.cmake"
[3.174s] but not all the files it references.
[3.174s] 
[3.175s] -- The imported target "vtkRenderingPythonTkWidgets" references the file
[3.175s]    "/usr/lib/x86_64-linux-gnu/libvtkRenderingPythonTkWidgets.so"
[3.175s] but this file does not exist.  Possible reasons include:
[3.175s] * The file was deleted, renamed, or moved to another location.
[3.175s] * An install or uninstall procedure did not complete successfully.
[3.175s] * The installation package was faulty and contained
[3.175s]    "/usr/lib/cmake/vtk-7.1/VTKTargets.cmake"
[3.175s] but not all the files it references.
[3.175s] 
[3.175s] -- The imported target "vtk" references the file
[3.175s]    "/usr/bin/vtk"
[3.175s] but this file does not exist.  Possible reasons include:
[3.176s] * The file was deleted, renamed, or moved to another location.
[3.176s] * An install or uninstall procedure did not complete successfully.
[3.176s] * The installation package was faulty and contained
[3.176s]    "/usr/lib/cmake/vtk-7.1/VTKTargets.cmake"
[3.176s] but not all the files it references.
[3.176s] 
[3.176s] -- The imported target "pvtk" references the file
[3.176s]    "/usr/bin/pvtk"
[3.176s] but this file does not exist.  Possible reasons include:
[3.176s] * The file was deleted, renamed, or moved to another location.
[3.176s] * An install or uninstall procedure did not complete successfully.
[3.176s] * The installation package was faulty and contained
[3.176s]    "/usr/lib/cmake/vtk-7.1/VTKTargets.cmake"
[3.176s] but not all the files it references.
[3.177s] 
[3.198s] -- OpenNI found (include: /usr/include/ni, lib: /usr/lib/libOpenNI.so)
[3.206s] -- OpenNI2 found (include: /usr/include/openni2, lib: /usr/lib/libOpenNI2.so)
[3.231s] -- OpenNI found (include: /usr/include/ni, lib: /usr/lib/libOpenNI.so)
[3.239s] -- OpenNI2 found (include: /usr/include/openni2, lib: /usr/lib/libOpenNI2.so)
[3.253s] -- QHULL found (include: /usr/include, lib: optimized;/usr/lib/x86_64-linux-gnu/libqhull.so;debug;/usr/lib/x86_64-linux-gnu/libqhull.so)
[3.261s] -- OpenNI found (include: /usr/include/ni, lib: /usr/lib/libOpenNI.so)
[3.317s] -- Found livox_ros_driver2: 1.0.0 (/home/zhangyuanwei/ws1_livox/install/livox_ros_driver2/share/livox_ros_driver2/cmake)
[3.545s] -- Found rosidl_default_generators: 1.1.1 (/opt/ros/galactic/share/rosidl_default_generators/cmake)
[3.563s] CMake Warning (dev) at CMakeLists.txt:80 (find_package):
[3.563s]   Policy CMP0074 is not set: find_package uses <PackageName>_ROOT variables.
[3.563s]   Run "cmake --help-policy CMP0074" for policy details.  Use the cmake_policy
[3.564s]   command to set the policy and suppress this warning.
[3.564s] 
[3.564s]   CMake variable PCL_ROOT is set to:
[3.564s] 
[3.564s]     /usr
[3.564s] 
[3.564s]   For compatibility, CMake is ignoring the variable.
[3.564s] This warning is for project developers.  Use -Wno-dev to suppress it.
[3.564s] 
[3.571s] -- PCL: /usr/include/pcl-1.10
[3.571s] Eigen:/usr/include/eigen3
[3.594s] -- Found PythonInterp: /usr/bin/python3 (found version "3.8.10") 
[3.700s] Error parsing '/home/zhangyuanwei/ws1_livox/src/FAST_LIO_LOCALIZATION_PLUS/package.xml':
[3.816s] Traceback (most recent call last):
[3.816s]   File "/opt/ros/galactic/share/ament_cmake_core/cmake/core/package_xml_2_cmake.py", line 151, in <module>
[3.816s]     main()
[3.816s]   File "/opt/ros/galactic/share/ament_cmake_core/cmake/core/package_xml_2_cmake.py", line 54, in main
[3.816s]     raise e
[3.816s]   File "/opt/ros/galactic/share/ament_cmake_core/cmake/core/package_xml_2_cmake.py", line 50, in main
[3.816s]     package = parse_package_string(
[3.816s]   File "/usr/lib/python3/dist-packages/catkin_pkg/package.py", line 786, in parse_package_string
[3.816s]     raise InvalidPackage('Error(s):%s' % (''.join(['\n- %s' % e for e in errors])), filename)
[3.816s] catkin_pkg.package.InvalidPackage: Error(s) in package '/home/zhangyuanwei/ws1_livox/src/FAST_LIO_LOCALIZATION_PLUS/package.xml':
[3.816s] Error(s):
[3.816s] - The manifest of package "fast_lio" (with format version 1) must not contain the following tags: exec_depend, member_of_group
[3.817s] - Either update to a newer format or replace <exec_depend> tags with <run_depend> tags.
[3.836s] CMake Error at /opt/ros/galactic/share/ament_cmake_core/cmake/core/ament_package_xml.cmake:94 (message):
[3.836s]   execute_process(/usr/bin/python3
[3.836s]   /opt/ros/galactic/share/ament_cmake_core/cmake/core/package_xml_2_cmake.py
[3.836s]   /home/zhangyuanwei/ws1_livox/src/FAST_LIO_LOCALIZATION_PLUS/package.xml
[3.836s]   /home/zhangyuanwei/ws1_livox/src/FAST_LIO_LOCALIZATION_PLUS/build/fast_lio/ament_cmake_core/package.cmake)
[3.836s]   returned error code 1
[3.836s] Call Stack (most recent call first):
[3.836s]   /opt/ros/galactic/share/ament_cmake_core/cmake/core/ament_package_xml.cmake:49 (_ament_package_xml)
[3.836s]   /opt/ros/galactic/share/rosidl_cmake/cmake/rosidl_generate_interfaces.cmake:226 (ament_package_xml)
[3.836s]   CMakeLists.txt:89 (rosidl_generate_interfaces)
[3.836s] 
[3.837s] 
[3.841s] -- Configuring incomplete, errors occurred!
[3.841s] See also "/home/zhangyuanwei/ws1_livox/src/FAST_LIO_LOCALIZATION_PLUS/build/fast_lio/CMakeFiles/CMakeOutput.log".
[3.855s] Invoked command in '/home/zhangyuanwei/ws1_livox/src/FAST_LIO_LOCALIZATION_PLUS/build/fast_lio' returned '1': /usr/bin/cmake /home/zhangyuanwei/ws1_livox/src/FAST_LIO_LOCALIZATION_PLUS -DCMAKE_INSTALL_PREFIX=/home/zhangyuanwei/ws1_livox/src/FAST_LIO_LOCALIZATION_PLUS/install/fast_lio
